{"C:\\Users\\enzoa\\Projets\\olympos\\backend\\src\\app.controller.ts": {"path":"C:\\Users\\enzoa\\Projets\\olympos\\backend\\src\\app.controller.ts","statementMap":{"0":{"start":{"line":1,"column":0},"end":{"line":1,"column":49}},"1":{"start":{"line":2,"column":0},"end":{"line":2,"column":43}},"2":{"start":{"line":5,"column":7},"end":{"line":12,"column":null}},"3":{"start":{"line":6,"column":31},"end":{"line":6,"column":43}},"4":{"start":{"line":10,"column":4},"end":{"line":10,"column":38}},"5":{"start":{"line":5,"column":13},"end":{"line":5,"column":26}},"6":{"start":{"line":9,"column":2},"end":{"line":11,"column":null}},"7":{"start":{"line":5,"column":13},"end":{"line":12,"column":null}}},"fnMap":{"0":{"name":"(anonymous_2)","decl":{"start":{"line":6,"column":2},"end":{"line":6,"column":31}},"loc":{"start":{"line":6,"column":53},"end":{"line":6,"column":57}}},"1":{"name":"(anonymous_3)","decl":{"start":{"line":9,"column":2},"end":{"line":9,"column":10}},"loc":{"start":{"line":9,"column":10},"end":{"line":11,"column":3}}}},"branchMap":{"0":{"loc":{"start":{"line":6,"column":43},"end":{"line":6,"column":56}},"type":"cond-expr","locations":[{"start":{"line":6,"column":53},"end":{"line":6,"column":56}},{"start":{"line":6,"column":53},"end":{"line":6,"column":56}}]},"1":{"loc":{"start":{"line":6,"column":43},"end":{"line":6,"column":53}},"type":"binary-expr","locations":[{"start":{"line":6,"column":43},"end":{"line":6,"column":56}},{"start":{"line":6,"column":43},"end":{"line":6,"column":53}}]}},"s":{"0":1,"1":1,"2":1,"3":1,"4":1,"5":1,"6":1,"7":1},"f":{"0":1,"1":1},"b":{"0":[1,0],"1":[1,1]}}
,"C:\\Users\\enzoa\\Projets\\olympos\\backend\\src\\app.module.ts": {"path":"C:\\Users\\enzoa\\Projets\\olympos\\backend\\src\\app.module.ts","statementMap":{"0":{"start":{"line":1,"column":0},"end":{"line":1,"column":40}},"1":{"start":{"line":2,"column":0},"end":{"line":2,"column":41}},"2":{"start":{"line":3,"column":0},"end":{"line":3,"column":46}},"3":{"start":{"line":4,"column":0},"end":{"line":4,"column":54}},"4":{"start":{"line":5,"column":0},"end":{"line":5,"column":51}},"5":{"start":{"line":6,"column":0},"end":{"line":6,"column":48}},"6":{"start":{"line":7,"column":0},"end":{"line":7,"column":53}},"7":{"start":{"line":8,"column":0},"end":{"line":8,"column":54}},"8":{"start":{"line":9,"column":0},"end":{"line":9,"column":48}},"9":{"start":{"line":10,"column":0},"end":{"line":10,"column":48}},"10":{"start":{"line":11,"column":0},"end":{"line":11,"column":48}},"11":{"start":{"line":12,"column":0},"end":{"line":12,"column":69}},"12":{"start":{"line":13,"column":0},"end":{"line":13,"column":57}},"13":{"start":{"line":14,"column":0},"end":{"line":14,"column":54}},"14":{"start":{"line":34,"column":7},"end":{"line":34,"column":null}},"15":{"start":{"line":34,"column":13},"end":{"line":34,"column":22}},"16":{"start":{"line":34,"column":13},"end":{"line":34,"column":null}}},"fnMap":{},"branchMap":{},"s":{"0":0,"1":0,"2":0,"3":0,"4":0,"5":0,"6":0,"7":0,"8":0,"9":0,"10":0,"11":0,"12":0,"13":0,"14":0,"15":0,"16":0},"f":{},"b":{}}
,"C:\\Users\\enzoa\\Projets\\olympos\\backend\\src\\app.service.ts": {"path":"C:\\Users\\enzoa\\Projets\\olympos\\backend\\src\\app.service.ts","statementMap":{"0":{"start":{"line":1,"column":0},"end":{"line":1,"column":44}},"1":{"start":{"line":4,"column":7},"end":{"line":8,"column":null}},"2":{"start":{"line":6,"column":4},"end":{"line":6,"column":26}},"3":{"start":{"line":4,"column":13},"end":{"line":4,"column":23}},"4":{"start":{"line":4,"column":13},"end":{"line":8,"column":null}}},"fnMap":{"0":{"name":"(anonymous_1)","decl":{"start":{"line":5,"column":2},"end":{"line":5,"column":10}},"loc":{"start":{"line":5,"column":10},"end":{"line":7,"column":3}}}},"branchMap":{},"s":{"0":1,"1":1,"2":1,"3":1,"4":1},"f":{"0":1},"b":{}}
,"C:\\Users\\enzoa\\Projets\\olympos\\backend\\src\\main.ts": {"path":"C:\\Users\\enzoa\\Projets\\olympos\\backend\\src\\main.ts","statementMap":{"0":{"start":{"line":1,"column":0},"end":{"line":1,"column":43}},"1":{"start":{"line":2,"column":0},"end":{"line":2,"column":41}},"2":{"start":{"line":5,"column":14},"end":{"line":5,"column":49}},"3":{"start":{"line":6,"column":2},"end":{"line":9,"column":5}},"4":{"start":{"line":10,"column":2},"end":{"line":10,"column":45}},"5":{"start":{"line":11,"column":2},"end":{"line":11,"column":81}},"6":{"start":{"line":13,"column":0},"end":{"line":13,"column":12}}},"fnMap":{"0":{"name":"bootstrap","decl":{"start":{"line":4,"column":15},"end":{"line":4,"column":24}},"loc":{"start":{"line":4,"column":24},"end":{"line":12,"column":1}}}},"branchMap":{"0":{"loc":{"start":{"line":10,"column":19},"end":{"line":10,"column":43}},"type":"binary-expr","locations":[{"start":{"line":10,"column":19},"end":{"line":10,"column":35}},{"start":{"line":10,"column":39},"end":{"line":10,"column":43}}]},"1":{"loc":{"start":{"line":11,"column":53},"end":{"line":11,"column":77}},"type":"binary-expr","locations":[{"start":{"line":11,"column":53},"end":{"line":11,"column":69}},{"start":{"line":11,"column":73},"end":{"line":11,"column":77}}]}},"s":{"0":0,"1":0,"2":0,"3":0,"4":0,"5":0,"6":0},"f":{"0":0},"b":{"0":[0,0],"1":[0,0]}}
,"C:\\Users\\enzoa\\Projets\\olympos\\backend\\src\\auth\\auth.controller.ts": {"path":"C:\\Users\\enzoa\\Projets\\olympos\\backend\\src\\auth\\auth.controller.ts","statementMap":{"0":{"start":{"line":1,"column":0},"end":{"line":1,"column":66}},"1":{"start":{"line":2,"column":0},"end":{"line":2,"column":45}},"2":{"start":{"line":3,"column":0},"end":{"line":3,"column":49}},"3":{"start":{"line":4,"column":0},"end":{"line":4,"column":43}},"4":{"start":{"line":5,"column":0},"end":{"line":5,"column":62}},"5":{"start":{"line":6,"column":0},"end":{"line":6,"column":60}},"6":{"start":{"line":7,"column":0},"end":{"line":7,"column":55}},"7":{"start":{"line":10,"column":7},"end":{"line":38,"column":null}},"8":{"start":{"line":11,"column":22},"end":{"line":11,"column":35}},"9":{"start":{"line":16,"column":4},"end":{"line":16,"column":42}},"10":{"start":{"line":22,"column":4},"end":{"line":22,"column":39}},"11":{"start":{"line":29,"column":4},"end":{"line":29,"column":48}},"12":{"start":{"line":36,"column":4},"end":{"line":36,"column":47}},"13":{"start":{"line":10,"column":13},"end":{"line":10,"column":27}},"14":{"start":{"line":15,"column":2},"end":{"line":17,"column":null}},"15":{"start":{"line":21,"column":2},"end":{"line":23,"column":null}},"16":{"start":{"line":28,"column":2},"end":{"line":30,"column":null}},"17":{"start":{"line":35,"column":2},"end":{"line":37,"column":null}},"18":{"start":{"line":10,"column":13},"end":{"line":38,"column":null}}},"fnMap":{"0":{"name":"(anonymous_4)","decl":{"start":{"line":11,"column":2},"end":{"line":11,"column":22}},"loc":{"start":{"line":11,"column":46},"end":{"line":11,"column":50}}},"1":{"name":"(anonymous_5)","decl":{"start":{"line":15,"column":2},"end":{"line":15,"column":10}},"loc":{"start":{"line":15,"column":35},"end":{"line":17,"column":3}}},"2":{"name":"(anonymous_6)","decl":{"start":{"line":21,"column":2},"end":{"line":21,"column":7}},"loc":{"start":{"line":21,"column":29},"end":{"line":23,"column":3}}},"3":{"name":"(anonymous_7)","decl":{"start":{"line":28,"column":2},"end":{"line":28,"column":16}},"loc":{"start":{"line":28,"column":47},"end":{"line":30,"column":3}}},"4":{"name":"(anonymous_8)","decl":{"start":{"line":35,"column":2},"end":{"line":35,"column":15}},"loc":{"start":{"line":35,"column":45},"end":{"line":37,"column":3}}}},"branchMap":{"0":{"loc":{"start":{"line":15,"column":24},"end":{"line":15,"column":null}},"type":"cond-expr","locations":[{"start":{"line":15,"column":35},"end":{"line":15,"column":null}},{"start":{"line":15,"column":35},"end":{"line":15,"column":null}}]},"1":{"loc":{"start":{"line":15,"column":24},"end":{"line":15,"column":35}},"type":"binary-expr","locations":[{"start":{"line":15,"column":24},"end":{"line":15,"column":null}},{"start":{"line":15,"column":24},"end":{"line":15,"column":35}}]},"2":{"loc":{"start":{"line":21,"column":21},"end":{"line":21,"column":null}},"type":"cond-expr","locations":[{"start":{"line":21,"column":29},"end":{"line":21,"column":null}},{"start":{"line":21,"column":29},"end":{"line":21,"column":null}}]},"3":{"loc":{"start":{"line":21,"column":21},"end":{"line":21,"column":29}},"type":"binary-expr","locations":[{"start":{"line":21,"column":21},"end":{"line":21,"column":null}},{"start":{"line":21,"column":21},"end":{"line":21,"column":29}}]},"4":{"loc":{"start":{"line":28,"column":30},"end":{"line":28,"column":null}},"type":"cond-expr","locations":[{"start":{"line":28,"column":47},"end":{"line":28,"column":null}},{"start":{"line":28,"column":47},"end":{"line":28,"column":null}}]},"5":{"loc":{"start":{"line":28,"column":30},"end":{"line":28,"column":47}},"type":"binary-expr","locations":[{"start":{"line":28,"column":30},"end":{"line":28,"column":null}},{"start":{"line":28,"column":30},"end":{"line":28,"column":47}}]},"6":{"loc":{"start":{"line":35,"column":29},"end":{"line":35,"column":null}},"type":"cond-expr","locations":[{"start":{"line":35,"column":45},"end":{"line":35,"column":null}},{"start":{"line":35,"column":45},"end":{"line":35,"column":null}}]},"7":{"loc":{"start":{"line":35,"column":29},"end":{"line":35,"column":45}},"type":"binary-expr","locations":[{"start":{"line":35,"column":29},"end":{"line":35,"column":null}},{"start":{"line":35,"column":29},"end":{"line":35,"column":45}}]},"8":{"loc":{"start":{"line":11,"column":35},"end":{"line":11,"column":49}},"type":"cond-expr","locations":[{"start":{"line":11,"column":46},"end":{"line":11,"column":49}},{"start":{"line":11,"column":46},"end":{"line":11,"column":49}}]},"9":{"loc":{"start":{"line":11,"column":35},"end":{"line":11,"column":46}},"type":"binary-expr","locations":[{"start":{"line":11,"column":35},"end":{"line":11,"column":49}},{"start":{"line":11,"column":35},"end":{"line":11,"column":46}}]}},"s":{"0":0,"1":0,"2":0,"3":0,"4":0,"5":0,"6":0,"7":0,"8":0,"9":0,"10":0,"11":0,"12":0,"13":0,"14":0,"15":0,"16":0,"17":0,"18":0},"f":{"0":0,"1":0,"2":0,"3":0,"4":0},"b":{"0":[0,0],"1":[0,0],"2":[0,0],"3":[0,0],"4":[0,0],"5":[0,0],"6":[0,0],"7":[0,0],"8":[0,0],"9":[0,0]}}
,"C:\\Users\\enzoa\\Projets\\olympos\\backend\\src\\auth\\auth.module.ts": {"path":"C:\\Users\\enzoa\\Projets\\olympos\\backend\\src\\auth\\auth.module.ts","statementMap":{"0":{"start":{"line":1,"column":0},"end":{"line":1,"column":40}},"1":{"start":{"line":2,"column":0},"end":{"line":2,"column":40}},"2":{"start":{"line":3,"column":0},"end":{"line":3,"column":50}},"3":{"start":{"line":4,"column":0},"end":{"line":4,"column":45}},"4":{"start":{"line":5,"column":0},"end":{"line":5,"column":51}},"5":{"start":{"line":6,"column":0},"end":{"line":6,"column":45}},"6":{"start":{"line":7,"column":0},"end":{"line":7,"column":48}},"7":{"start":{"line":21,"column":7},"end":{"line":21,"column":null}},"8":{"start":{"line":21,"column":13},"end":{"line":21,"column":23}},"9":{"start":{"line":21,"column":13},"end":{"line":21,"column":null}}},"fnMap":{},"branchMap":{"0":{"loc":{"start":{"line":13,"column":14},"end":{"line":13,"column":81}},"type":"binary-expr","locations":[{"start":{"line":13,"column":14},"end":{"line":13,"column":36}},{"start":{"line":13,"column":40},"end":{"line":13,"column":81}}]}},"s":{"0":0,"1":0,"2":0,"3":0,"4":0,"5":0,"6":0,"7":0,"8":0,"9":0},"f":{},"b":{"0":[0,0]}}
,"C:\\Users\\enzoa\\Projets\\olympos\\backend\\src\\auth\\auth.service.ts": {"path":"C:\\Users\\enzoa\\Projets\\olympos\\backend\\src\\auth\\auth.service.ts","statementMap":{"0":{"start":{"line":1,"column":0},"end":{"line":1,"column":null}},"1":{"start":{"line":7,"column":0},"end":{"line":7,"column":41}},"2":{"start":{"line":8,"column":0},"end":{"line":8,"column":33}},"3":{"start":{"line":9,"column":0},"end":{"line":9,"column":33}},"4":{"start":{"line":10,"column":0},"end":{"line":10,"column":41}},"5":{"start":{"line":11,"column":0},"end":{"line":11,"column":57}},"6":{"start":{"line":18,"column":7},"end":{"line":134,"column":null}},"7":{"start":{"line":20,"column":12},"end":{"line":20,"column":20}},"8":{"start":{"line":21,"column":12},"end":{"line":21,"column":24}},"9":{"start":{"line":25,"column":19},"end":{"line":27,"column":6}},"10":{"start":{"line":28,"column":4},"end":{"line":28,"column":79}},"11":{"start":{"line":28,"column":16},"end":{"line":28,"column":79}},"12":{"start":{"line":30,"column":25},"end":{"line":30,"column":60}},"13":{"start":{"line":31,"column":19},"end":{"line":37,"column":6}},"14":{"start":{"line":39,"column":4},"end":{"line":39,"column":51}},"15":{"start":{"line":43,"column":19},"end":{"line":45,"column":6}},"16":{"start":{"line":46,"column":4},"end":{"line":46,"column":72}},"17":{"start":{"line":46,"column":17},"end":{"line":46,"column":72}},"18":{"start":{"line":48,"column":18},"end":{"line":48,"column":73}},"19":{"start":{"line":49,"column":4},"end":{"line":49,"column":71}},"20":{"start":{"line":49,"column":16},"end":{"line":49,"column":71}},"21":{"start":{"line":51,"column":4},"end":{"line":51,"column":51}},"22":{"start":{"line":55,"column":19},"end":{"line":57,"column":6}},"23":{"start":{"line":60,"column":4},"end":{"line":60,"column":24}},"24":{"start":{"line":60,"column":17},"end":{"line":60,"column":24}},"25":{"start":{"line":62,"column":18},"end":{"line":62,"column":56}},"26":{"start":{"line":63,"column":22},"end":{"line":63,"column":59}},"27":{"start":{"line":65,"column":4},"end":{"line":71,"column":7}},"28":{"start":{"line":73,"column":24},"end":{"line":73,"column":75}},"29":{"start":{"line":74,"column":22},"end":{"line":74,"column":68}},"30":{"start":{"line":76,"column":4},"end":{"line":79,"column":5}},"31":{"start":{"line":77,"column":6},"end":{"line":77,"column":86}},"32":{"start":{"line":78,"column":6},"end":{"line":78,"column":13}},"33":{"start":{"line":81,"column":24},"end":{"line":87,"column":6}},"34":{"start":{"line":89,"column":17},"end":{"line":99,"column":6}},"35":{"start":{"line":100,"column":4},"end":{"line":100,"column":110}},"36":{"start":{"line":104,"column":19},"end":{"line":106,"column":6}},"37":{"start":{"line":108,"column":4},"end":{"line":114,"column":5}},"38":{"start":{"line":113,"column":6},"end":{"line":113,"column":64}},"39":{"start":{"line":116,"column":25},"end":{"line":116,"column":63}},"40":{"start":{"line":118,"column":4},"end":{"line":125,"column":7}},"41":{"start":{"line":129,"column":20},"end":{"line":129,"column":34}},"42":{"start":{"line":130,"column":4},"end":{"line":132,"column":6}},"43":{"start":{"line":18,"column":13},"end":{"line":18,"column":24}},"44":{"start":{"line":18,"column":13},"end":{"line":134,"column":null}}},"fnMap":{"0":{"name":"(anonymous_11)","decl":{"start":{"line":19,"column":2},"end":{"line":19,"column":null}},"loc":{"start":{"line":21,"column":34},"end":{"line":22,"column":6}}},"1":{"name":"(anonymous_12)","decl":{"start":{"line":24,"column":2},"end":{"line":24,"column":7}},"loc":{"start":{"line":24,"column":33},"end":{"line":40,"column":3}}},"2":{"name":"(anonymous_13)","decl":{"start":{"line":42,"column":2},"end":{"line":42,"column":7}},"loc":{"start":{"line":42,"column":27},"end":{"line":52,"column":3}}},"3":{"name":"(anonymous_14)","decl":{"start":{"line":54,"column":2},"end":{"line":54,"column":7}},"loc":{"start":{"line":54,"column":45},"end":{"line":101,"column":3}}},"4":{"name":"(anonymous_15)","decl":{"start":{"line":103,"column":2},"end":{"line":103,"column":7}},"loc":{"start":{"line":103,"column":43},"end":{"line":126,"column":3}}},"5":{"name":"(anonymous_16)","decl":{"start":{"line":128,"column":10},"end":{"line":128,"column":19}},"loc":{"start":{"line":128,"column":46},"end":{"line":133,"column":3}}}},"branchMap":{"0":{"loc":{"start":{"line":28,"column":4},"end":{"line":28,"column":79}},"type":"if","locations":[{"start":{"line":28,"column":4},"end":{"line":28,"column":79}},{"start":{},"end":{}}]},"1":{"loc":{"start":{"line":46,"column":4},"end":{"line":46,"column":72}},"type":"if","locations":[{"start":{"line":46,"column":4},"end":{"line":46,"column":72}},{"start":{},"end":{}}]},"2":{"loc":{"start":{"line":49,"column":4},"end":{"line":49,"column":71}},"type":"if","locations":[{"start":{"line":49,"column":4},"end":{"line":49,"column":71}},{"start":{},"end":{}}]},"3":{"loc":{"start":{"line":60,"column":4},"end":{"line":60,"column":24}},"type":"if","locations":[{"start":{"line":60,"column":4},"end":{"line":60,"column":24}},{"start":{},"end":{}}]},"4":{"loc":{"start":{"line":73,"column":24},"end":{"line":73,"column":75}},"type":"binary-expr","locations":[{"start":{"line":73,"column":24},"end":{"line":73,"column":48}},{"start":{"line":73,"column":52},"end":{"line":73,"column":75}}]},"5":{"loc":{"start":{"line":76,"column":4},"end":{"line":79,"column":5}},"type":"if","locations":[{"start":{"line":76,"column":4},"end":{"line":79,"column":5}},{"start":{},"end":{}}]},"6":{"loc":{"start":{"line":108,"column":4},"end":{"line":114,"column":5}},"type":"if","locations":[{"start":{"line":108,"column":4},"end":{"line":114,"column":5}},{"start":{},"end":{}}]},"7":{"loc":{"start":{"line":109,"column":6},"end":{"line":111,"column":48}},"type":"binary-expr","locations":[{"start":{"line":109,"column":6},"end":{"line":109,"column":13}},{"start":{"line":110,"column":6},"end":{"line":110,"column":36}},{"start":{"line":111,"column":6},"end":{"line":111,"column":48}}]},"8":{"loc":{"start":{"line":20,"column":20},"end":{"line":20,"column":null}},"type":"cond-expr","locations":[{"start":{"line":20,"column":33},"end":{"line":20,"column":null}},{"start":{"line":20,"column":33},"end":{"line":20,"column":null}}]},"9":{"loc":{"start":{"line":20,"column":20},"end":{"line":20,"column":33}},"type":"binary-expr","locations":[{"start":{"line":20,"column":20},"end":{"line":20,"column":null}},{"start":{"line":20,"column":20},"end":{"line":20,"column":33}}]},"10":{"loc":{"start":{"line":20,"column":33},"end":{"line":21,"column":null}},"type":"cond-expr","locations":[{"start":{"line":21,"column":34},"end":{"line":21,"column":null}},{"start":{"line":21,"column":34},"end":{"line":21,"column":null}}]},"11":{"loc":{"start":{"line":20,"column":33},"end":{"line":21,"column":34}},"type":"binary-expr","locations":[{"start":{"line":20,"column":33},"end":{"line":21,"column":null}},{"start":{"line":21,"column":24},"end":{"line":21,"column":34}}]}},"s":{"0":0,"1":0,"2":0,"3":0,"4":0,"5":0,"6":0,"7":0,"8":0,"9":0,"10":0,"11":0,"12":0,"13":0,"14":0,"15":0,"16":0,"17":0,"18":0,"19":0,"20":0,"21":0,"22":0,"23":0,"24":0,"25":0,"26":0,"27":0,"28":0,"29":0,"30":0,"31":0,"32":0,"33":0,"34":0,"35":0,"36":0,"37":0,"38":0,"39":0,"40":0,"41":0,"42":0,"43":0,"44":0},"f":{"0":0,"1":0,"2":0,"3":0,"4":0,"5":0},"b":{"0":[0,0],"1":[0,0],"2":[0,0],"3":[0,0],"4":[0,0],"5":[0,0],"6":[0,0],"7":[0,0,0],"8":[0,0],"9":[0,0],"10":[0,0],"11":[0,0]}}
,"C:\\Users\\enzoa\\Projets\\olympos\\backend\\src\\auth\\jwt-auth.guard.ts": {"path":"C:\\Users\\enzoa\\Projets\\olympos\\backend\\src\\auth\\jwt-auth.guard.ts","statementMap":{"0":{"start":{"line":1,"column":0},"end":{"line":1,"column":62}},"1":{"start":{"line":2,"column":0},"end":{"line":2,"column":41}},"2":{"start":{"line":3,"column":0},"end":{"line":3,"column":45}},"3":{"start":{"line":4,"column":0},"end":{"line":4,"column":62}},"4":{"start":{"line":7,"column":7},"end":{"line":23,"column":null}},"5":{"start":{"line":9,"column":4},"end":{"line":9,"column":12}},"6":{"start":{"line":8,"column":22},"end":{"line":8,"column":33}},"7":{"start":{"line":14,"column":4},"end":{"line":14,"column":48}},"8":{"start":{"line":14,"column":36},"end":{"line":14,"column":48}},"9":{"start":{"line":16,"column":21},"end":{"line":19,"column":6}},"10":{"start":{"line":20,"column":4},"end":{"line":20,"column":30}},"11":{"start":{"line":20,"column":18},"end":{"line":20,"column":30}},"12":{"start":{"line":21,"column":4},"end":{"line":21,"column":38}},"13":{"start":{"line":7,"column":13},"end":{"line":7,"column":25}},"14":{"start":{"line":7,"column":13},"end":{"line":23,"column":null}}},"fnMap":{"0":{"name":"(anonymous_2)","decl":{"start":{"line":8,"column":2},"end":{"line":8,"column":22}},"loc":{"start":{"line":8,"column":42},"end":{"line":10,"column":3}}},"1":{"name":"(anonymous_3)","decl":{"start":{"line":12,"column":2},"end":{"line":12,"column":13}},"loc":{"start":{"line":12,"column":39},"end":{"line":22,"column":3}}}},"branchMap":{"0":{"loc":{"start":{"line":14,"column":4},"end":{"line":14,"column":48}},"type":"if","locations":[{"start":{"line":14,"column":4},"end":{"line":14,"column":48}},{"start":{},"end":{}}]},"1":{"loc":{"start":{"line":20,"column":4},"end":{"line":20,"column":30}},"type":"if","locations":[{"start":{"line":20,"column":4},"end":{"line":20,"column":30}},{"start":{},"end":{}}]},"2":{"loc":{"start":{"line":8,"column":33},"end":{"line":8,"column":null}},"type":"cond-expr","locations":[{"start":{"line":8,"column":42},"end":{"line":8,"column":null}},{"start":{"line":8,"column":42},"end":{"line":8,"column":null}}]},"3":{"loc":{"start":{"line":8,"column":33},"end":{"line":8,"column":42}},"type":"binary-expr","locations":[{"start":{"line":8,"column":33},"end":{"line":8,"column":null}},{"start":{"line":8,"column":33},"end":{"line":8,"column":42}}]}},"s":{"0":0,"1":0,"2":0,"3":0,"4":0,"5":0,"6":0,"7":0,"8":0,"9":0,"10":0,"11":0,"12":0,"13":0,"14":0},"f":{"0":0,"1":0},"b":{"0":[0,0],"1":[0,0],"2":[0,0],"3":[0,0]}}
,"C:\\Users\\enzoa\\Projets\\olympos\\backend\\src\\auth\\jwt.strategy.ts": {"path":"C:\\Users\\enzoa\\Projets\\olympos\\backend\\src\\auth\\jwt.strategy.ts","statementMap":{"0":{"start":{"line":1,"column":0},"end":{"line":1,"column":67}},"1":{"start":{"line":2,"column":0},"end":{"line":2,"column":52}},"2":{"start":{"line":3,"column":0},"end":{"line":3,"column":52}},"3":{"start":{"line":4,"column":0},"end":{"line":4,"column":57}},"4":{"start":{"line":7,"column":7},"end":{"line":23,"column":null}},"5":{"start":{"line":9,"column":4},"end":{"line":13,"column":7}},"6":{"start":{"line":8,"column":22},"end":{"line":8,"column":30}},"7":{"start":{"line":17,"column":19},"end":{"line":19,"column":6}},"8":{"start":{"line":20,"column":4},"end":{"line":20,"column":51}},"9":{"start":{"line":20,"column":17},"end":{"line":20,"column":51}},"10":{"start":{"line":21,"column":4},"end":{"line":21,"column":18}},"11":{"start":{"line":7,"column":13},"end":{"line":7,"column":24}},"12":{"start":{"line":7,"column":13},"end":{"line":23,"column":null}}},"fnMap":{"0":{"name":"(anonymous_2)","decl":{"start":{"line":8,"column":2},"end":{"line":8,"column":22}},"loc":{"start":{"line":8,"column":43},"end":{"line":14,"column":3}}},"1":{"name":"(anonymous_3)","decl":{"start":{"line":16,"column":2},"end":{"line":16,"column":7}},"loc":{"start":{"line":16,"column":56},"end":{"line":22,"column":3}}}},"branchMap":{"0":{"loc":{"start":{"line":12,"column":19},"end":{"line":12,"column":86}},"type":"binary-expr","locations":[{"start":{"line":12,"column":19},"end":{"line":12,"column":41}},{"start":{"line":12,"column":45},"end":{"line":12,"column":86}}]},"1":{"loc":{"start":{"line":20,"column":4},"end":{"line":20,"column":51}},"type":"if","locations":[{"start":{"line":20,"column":4},"end":{"line":20,"column":51}},{"start":{},"end":{}}]},"2":{"loc":{"start":{"line":8,"column":30},"end":{"line":8,"column":null}},"type":"cond-expr","locations":[{"start":{"line":8,"column":43},"end":{"line":8,"column":null}},{"start":{"line":8,"column":43},"end":{"line":8,"column":null}}]},"3":{"loc":{"start":{"line":8,"column":30},"end":{"line":8,"column":43}},"type":"binary-expr","locations":[{"start":{"line":8,"column":30},"end":{"line":8,"column":null}},{"start":{"line":8,"column":30},"end":{"line":8,"column":43}}]}},"s":{"0":0,"1":0,"2":0,"3":0,"4":0,"5":0,"6":0,"7":0,"8":0,"9":0,"10":0,"11":0,"12":0},"f":{"0":0,"1":0},"b":{"0":[0,0],"1":[0,0],"2":[0,0],"3":[0,0]}}
,"C:\\Users\\enzoa\\Projets\\olympos\\backend\\src\\auth\\decorators\\public.decorator.ts": {"path":"C:\\Users\\enzoa\\Projets\\olympos\\backend\\src\\auth\\decorators\\public.decorator.ts","statementMap":{"0":{"start":{"line":1,"column":0},"end":{"line":1,"column":45}},"1":{"start":{"line":3,"column":13},"end":{"line":3,"column":40}},"2":{"start":{"line":4,"column":22},"end":{"line":4,"column":60}},"3":{"start":{"line":4,"column":28},"end":{"line":4,"column":60}},"4":{"start":{"line":4,"column":13},"end":{"line":4,"column":22}}},"fnMap":{"0":{"name":"(anonymous_0)","decl":{"start":{"line":4,"column":22},"end":{"line":4,"column":25}},"loc":{"start":{"line":4,"column":28},"end":{"line":4,"column":60}}}},"branchMap":{},"s":{"0":0,"1":0,"2":0,"3":0,"4":0},"f":{"0":0},"b":{}}
,"C:\\Users\\enzoa\\Projets\\olympos\\backend\\src\\auth\\dto\\forgot-password.dto.ts": {"path":"C:\\Users\\enzoa\\Projets\\olympos\\backend\\src\\auth\\dto\\forgot-password.dto.ts","statementMap":{"0":{"start":{"line":1,"column":0},"end":{"line":1,"column":13}}},"fnMap":{},"branchMap":{},"s":{"0":0},"f":{},"b":{}}
,"C:\\Users\\enzoa\\Projets\\olympos\\backend\\src\\auth\\dto\\login.dto.ts": {"path":"C:\\Users\\enzoa\\Projets\\olympos\\backend\\src\\auth\\dto\\login.dto.ts","statementMap":{"0":{"start":{"line":1,"column":0},"end":{"line":1,"column":13}}},"fnMap":{},"branchMap":{},"s":{"0":0},"f":{},"b":{}}
,"C:\\Users\\enzoa\\Projets\\olympos\\backend\\src\\auth\\dto\\register.dto.ts": {"path":"C:\\Users\\enzoa\\Projets\\olympos\\backend\\src\\auth\\dto\\register.dto.ts","statementMap":{"0":{"start":{"line":1,"column":0},"end":{"line":1,"column":13}}},"fnMap":{},"branchMap":{},"s":{"0":0},"f":{},"b":{}}
,"C:\\Users\\enzoa\\Projets\\olympos\\backend\\src\\auth\\dto\\reset-password.dto.ts": {"path":"C:\\Users\\enzoa\\Projets\\olympos\\backend\\src\\auth\\dto\\reset-password.dto.ts","statementMap":{"0":{"start":{"line":1,"column":0},"end":{"line":1,"column":13}}},"fnMap":{},"branchMap":{},"s":{"0":0},"f":{},"b":{}}
,"C:\\Users\\enzoa\\Projets\\olympos\\backend\\src\\card\\card.controller.ts": {"path":"C:\\Users\\enzoa\\Projets\\olympos\\backend\\src\\card\\card.controller.ts","statementMap":{"0":{"start":{"line":1,"column":0},"end":{"line":1,"column":67}},"1":{"start":{"line":2,"column":0},"end":{"line":2,"column":54}},"2":{"start":{"line":3,"column":0},"end":{"line":3,"column":45}},"3":{"start":{"line":7,"column":7},"end":{"line":19,"column":null}},"4":{"start":{"line":8,"column":22},"end":{"line":8,"column":35}},"5":{"start":{"line":12,"column":4},"end":{"line":12,"column":38}},"6":{"start":{"line":17,"column":4},"end":{"line":17,"column":40}},"7":{"start":{"line":7,"column":13},"end":{"line":7,"column":27}},"8":{"start":{"line":11,"column":2},"end":{"line":13,"column":null}},"9":{"start":{"line":16,"column":2},"end":{"line":18,"column":null}},"10":{"start":{"line":7,"column":13},"end":{"line":19,"column":null}}},"fnMap":{"0":{"name":"(anonymous_4)","decl":{"start":{"line":8,"column":2},"end":{"line":8,"column":22}},"loc":{"start":{"line":8,"column":46},"end":{"line":8,"column":50}}},"1":{"name":"(anonymous_5)","decl":{"start":{"line":11,"column":2},"end":{"line":11,"column":9}},"loc":{"start":{"line":11,"column":9},"end":{"line":13,"column":3}}},"2":{"name":"(anonymous_6)","decl":{"start":{"line":16,"column":2},"end":{"line":16,"column":9}},"loc":{"start":{"line":16,"column":33},"end":{"line":18,"column":3}}}},"branchMap":{"0":{"loc":{"start":{"line":8,"column":35},"end":{"line":8,"column":49}},"type":"cond-expr","locations":[{"start":{"line":8,"column":46},"end":{"line":8,"column":49}},{"start":{"line":8,"column":46},"end":{"line":8,"column":49}}]},"1":{"loc":{"start":{"line":8,"column":35},"end":{"line":8,"column":46}},"type":"binary-expr","locations":[{"start":{"line":8,"column":35},"end":{"line":8,"column":49}},{"start":{"line":8,"column":35},"end":{"line":8,"column":46}}]}},"s":{"0":0,"1":0,"2":0,"3":0,"4":0,"5":0,"6":0,"7":0,"8":0,"9":0,"10":0},"f":{"0":0,"1":0,"2":0},"b":{"0":[0,0],"1":[0,0]}}
,"C:\\Users\\enzoa\\Projets\\olympos\\backend\\src\\card\\card.module.ts": {"path":"C:\\Users\\enzoa\\Projets\\olympos\\backend\\src\\card\\card.module.ts","statementMap":{"0":{"start":{"line":1,"column":0},"end":{"line":1,"column":40}},"1":{"start":{"line":2,"column":0},"end":{"line":2,"column":45}},"2":{"start":{"line":3,"column":0},"end":{"line":3,"column":51}},"3":{"start":{"line":4,"column":0},"end":{"line":4,"column":49}},"4":{"start":{"line":12,"column":7},"end":{"line":12,"column":null}},"5":{"start":{"line":12,"column":13},"end":{"line":12,"column":23}},"6":{"start":{"line":12,"column":13},"end":{"line":12,"column":null}}},"fnMap":{},"branchMap":{},"s":{"0":0,"1":0,"2":0,"3":0,"4":0,"5":0,"6":0},"f":{},"b":{}}
,"C:\\Users\\enzoa\\Projets\\olympos\\backend\\src\\card\\card.service.ts": {"path":"C:\\Users\\enzoa\\Projets\\olympos\\backend\\src\\card\\card.service.ts","statementMap":{"0":{"start":{"line":1,"column":0},"end":{"line":1,"column":63}},"1":{"start":{"line":2,"column":0},"end":{"line":2,"column":57}},"2":{"start":{"line":5,"column":7},"end":{"line":17,"column":null}},"3":{"start":{"line":6,"column":22},"end":{"line":6,"column":30}},"4":{"start":{"line":9,"column":4},"end":{"line":9,"column":67}},"5":{"start":{"line":13,"column":17},"end":{"line":13,"column":69}},"6":{"start":{"line":14,"column":4},"end":{"line":14,"column":61}},"7":{"start":{"line":14,"column":15},"end":{"line":14,"column":61}},"8":{"start":{"line":15,"column":4},"end":{"line":15,"column":16}},"9":{"start":{"line":5,"column":13},"end":{"line":5,"column":24}},"10":{"start":{"line":5,"column":13},"end":{"line":17,"column":null}}},"fnMap":{"0":{"name":"(anonymous_2)","decl":{"start":{"line":6,"column":2},"end":{"line":6,"column":22}},"loc":{"start":{"line":6,"column":43},"end":{"line":6,"column":47}}},"1":{"name":"(anonymous_3)","decl":{"start":{"line":8,"column":2},"end":{"line":8,"column":9}},"loc":{"start":{"line":8,"column":9},"end":{"line":10,"column":3}}},"2":{"name":"(anonymous_4)","decl":{"start":{"line":12,"column":2},"end":{"line":12,"column":7}},"loc":{"start":{"line":12,"column":26},"end":{"line":16,"column":3}}}},"branchMap":{"0":{"loc":{"start":{"line":14,"column":4},"end":{"line":14,"column":61}},"type":"if","locations":[{"start":{"line":14,"column":4},"end":{"line":14,"column":61}},{"start":{},"end":{}}]},"1":{"loc":{"start":{"line":6,"column":30},"end":{"line":6,"column":46}},"type":"cond-expr","locations":[{"start":{"line":6,"column":43},"end":{"line":6,"column":46}},{"start":{"line":6,"column":43},"end":{"line":6,"column":46}}]},"2":{"loc":{"start":{"line":6,"column":30},"end":{"line":6,"column":43}},"type":"binary-expr","locations":[{"start":{"line":6,"column":30},"end":{"line":6,"column":46}},{"start":{"line":6,"column":30},"end":{"line":6,"column":43}}]}},"s":{"0":0,"1":0,"2":0,"3":0,"4":0,"5":0,"6":0,"7":0,"8":0,"9":0,"10":0},"f":{"0":0,"1":0,"2":0},"b":{"0":[0,0],"1":[0,0],"2":[0,0]}}
,"C:\\Users\\enzoa\\Projets\\olympos\\backend\\src\\deck\\deck.controller.ts": {"path":"C:\\Users\\enzoa\\Projets\\olympos\\backend\\src\\deck\\deck.controller.ts","statementMap":{"0":{"start":{"line":1,"column":0},"end":{"line":1,"column":null}},"1":{"start":{"line":12,"column":0},"end":{"line":12,"column":54}},"2":{"start":{"line":13,"column":0},"end":{"line":13,"column":45}},"3":{"start":{"line":17,"column":7},"end":{"line":66,"column":null}},"4":{"start":{"line":18,"column":22},"end":{"line":18,"column":35}},"5":{"start":{"line":22,"column":4},"end":{"line":22,"column":49}},"6":{"start":{"line":27,"column":4},"end":{"line":27,"column":59}},"7":{"start":{"line":32,"column":4},"end":{"line":32,"column":53}},"8":{"start":{"line":41,"column":4},"end":{"line":41,"column":58}},"9":{"start":{"line":46,"column":4},"end":{"line":46,"column":52}},"10":{"start":{"line":55,"column":4},"end":{"line":55,"column":81}},"11":{"start":{"line":64,"column":4},"end":{"line":64,"column":64}},"12":{"start":{"line":17,"column":13},"end":{"line":17,"column":27}},"13":{"start":{"line":21,"column":2},"end":{"line":23,"column":null}},"14":{"start":{"line":26,"column":2},"end":{"line":28,"column":null}},"15":{"start":{"line":31,"column":2},"end":{"line":33,"column":null}},"16":{"start":{"line":36,"column":2},"end":{"line":42,"column":null}},"17":{"start":{"line":45,"column":2},"end":{"line":47,"column":null}},"18":{"start":{"line":50,"column":2},"end":{"line":56,"column":null}},"19":{"start":{"line":59,"column":2},"end":{"line":65,"column":null}},"20":{"start":{"line":17,"column":13},"end":{"line":66,"column":null}}},"fnMap":{"0":{"name":"(anonymous_4)","decl":{"start":{"line":18,"column":2},"end":{"line":18,"column":22}},"loc":{"start":{"line":18,"column":46},"end":{"line":18,"column":50}}},"1":{"name":"(anonymous_5)","decl":{"start":{"line":21,"column":2},"end":{"line":21,"column":9}},"loc":{"start":{"line":21,"column":25},"end":{"line":23,"column":3}}},"2":{"name":"(anonymous_6)","decl":{"start":{"line":26,"column":2},"end":{"line":26,"column":8}},"loc":{"start":{"line":26,"column":56},"end":{"line":28,"column":3}}},"3":{"name":"(anonymous_7)","decl":{"start":{"line":31,"column":2},"end":{"line":31,"column":9}},"loc":{"start":{"line":31,"column":50},"end":{"line":33,"column":3}}},"4":{"name":"(anonymous_8)","decl":{"start":{"line":36,"column":2},"end":{"line":36,"column":8}},"loc":{"start":{"line":39,"column":35},"end":{"line":42,"column":3}}},"5":{"name":"(anonymous_9)","decl":{"start":{"line":45,"column":2},"end":{"line":45,"column":8}},"loc":{"start":{"line":45,"column":49},"end":{"line":47,"column":3}}},"6":{"name":"(anonymous_10)","decl":{"start":{"line":50,"column":2},"end":{"line":50,"column":9}},"loc":{"start":{"line":53,"column":55},"end":{"line":56,"column":3}}},"7":{"name":"(anonymous_11)","decl":{"start":{"line":59,"column":2},"end":{"line":59,"column":12}},"loc":{"start":{"line":62,"column":19},"end":{"line":65,"column":3}}}},"branchMap":{"0":{"loc":{"start":{"line":18,"column":35},"end":{"line":18,"column":49}},"type":"cond-expr","locations":[{"start":{"line":18,"column":46},"end":{"line":18,"column":49}},{"start":{"line":18,"column":46},"end":{"line":18,"column":49}}]},"1":{"loc":{"start":{"line":18,"column":35},"end":{"line":18,"column":46}},"type":"binary-expr","locations":[{"start":{"line":18,"column":35},"end":{"line":18,"column":49}},{"start":{"line":18,"column":35},"end":{"line":18,"column":46}}]}},"s":{"0":0,"1":0,"2":0,"3":0,"4":0,"5":0,"6":0,"7":0,"8":0,"9":0,"10":0,"11":0,"12":0,"13":0,"14":0,"15":0,"16":0,"17":0,"18":0,"19":0,"20":0},"f":{"0":0,"1":0,"2":0,"3":0,"4":0,"5":0,"6":0,"7":0},"b":{"0":[0,0],"1":[0,0]}}
,"C:\\Users\\enzoa\\Projets\\olympos\\backend\\src\\deck\\deck.module.ts": {"path":"C:\\Users\\enzoa\\Projets\\olympos\\backend\\src\\deck\\deck.module.ts","statementMap":{"0":{"start":{"line":1,"column":0},"end":{"line":1,"column":40}},"1":{"start":{"line":2,"column":0},"end":{"line":2,"column":45}},"2":{"start":{"line":3,"column":0},"end":{"line":3,"column":51}},"3":{"start":{"line":4,"column":0},"end":{"line":4,"column":49}},"4":{"start":{"line":12,"column":7},"end":{"line":12,"column":null}},"5":{"start":{"line":12,"column":13},"end":{"line":12,"column":23}},"6":{"start":{"line":12,"column":13},"end":{"line":12,"column":null}}},"fnMap":{},"branchMap":{},"s":{"0":0,"1":0,"2":0,"3":0,"4":0,"5":0,"6":0},"f":{},"b":{}}
,"C:\\Users\\enzoa\\Projets\\olympos\\backend\\src\\deck\\deck.service.ts": {"path":"C:\\Users\\enzoa\\Projets\\olympos\\backend\\src\\deck\\deck.service.ts","statementMap":{"0":{"start":{"line":1,"column":0},"end":{"line":1,"column":null}},"1":{"start":{"line":7,"column":0},"end":{"line":7,"column":57}},"2":{"start":{"line":10,"column":7},"end":{"line":107,"column":null}},"3":{"start":{"line":11,"column":22},"end":{"line":11,"column":30}},"4":{"start":{"line":14,"column":4},"end":{"line":18,"column":7}},"5":{"start":{"line":22,"column":17},"end":{"line":25,"column":6}},"6":{"start":{"line":26,"column":4},"end":{"line":26,"column":61}},"7":{"start":{"line":26,"column":15},"end":{"line":26,"column":61}},"8":{"start":{"line":27,"column":4},"end":{"line":27,"column":67}},"9":{"start":{"line":27,"column":36},"end":{"line":27,"column":67}},"10":{"start":{"line":28,"column":4},"end":{"line":28,"column":16}},"11":{"start":{"line":32,"column":4},"end":{"line":34,"column":7}},"12":{"start":{"line":38,"column":17},"end":{"line":38,"column":69}},"13":{"start":{"line":39,"column":4},"end":{"line":39,"column":61}},"14":{"start":{"line":39,"column":15},"end":{"line":39,"column":61}},"15":{"start":{"line":40,"column":4},"end":{"line":40,"column":67}},"16":{"start":{"line":40,"column":36},"end":{"line":40,"column":67}},"17":{"start":{"line":41,"column":4},"end":{"line":41,"column":60}},"18":{"start":{"line":45,"column":17},"end":{"line":45,"column":69}},"19":{"start":{"line":46,"column":4},"end":{"line":46,"column":61}},"20":{"start":{"line":46,"column":15},"end":{"line":46,"column":61}},"21":{"start":{"line":47,"column":4},"end":{"line":47,"column":67}},"22":{"start":{"line":47,"column":36},"end":{"line":47,"column":67}},"23":{"start":{"line":49,"column":4},"end":{"line":49,"column":91}},"24":{"start":{"line":50,"column":4},"end":{"line":50,"column":91}},"25":{"start":{"line":51,"column":4},"end":{"line":51,"column":69}},"26":{"start":{"line":52,"column":4},"end":{"line":52,"column":53}},"27":{"start":{"line":53,"column":4},"end":{"line":53,"column":29}},"28":{"start":{"line":57,"column":17},"end":{"line":60,"column":6}},"29":{"start":{"line":61,"column":4},"end":{"line":61,"column":61}},"30":{"start":{"line":61,"column":15},"end":{"line":61,"column":61}},"31":{"start":{"line":62,"column":4},"end":{"line":62,"column":67}},"32":{"start":{"line":62,"column":36},"end":{"line":62,"column":67}},"33":{"start":{"line":64,"column":23},"end":{"line":64,"column":79}},"34":{"start":{"line":64,"column":58},"end":{"line":64,"column":75}},"35":{"start":{"line":65,"column":4},"end":{"line":66,"column":67}},"36":{"start":{"line":66,"column":6},"end":{"line":66,"column":67}},"37":{"start":{"line":68,"column":21},"end":{"line":68,"column":70}},"38":{"start":{"line":68,"column":49},"end":{"line":68,"column":69}},"39":{"start":{"line":69,"column":4},"end":{"line":78,"column":5}},"40":{"start":{"line":70,"column":6},"end":{"line":71,"column":63}},"41":{"start":{"line":71,"column":8},"end":{"line":71,"column":63}},"42":{"start":{"line":72,"column":22},"end":{"line":75,"column":8}},"43":{"start":{"line":76,"column":6},"end":{"line":76,"column":40}},"44":{"start":{"line":77,"column":6},"end":{"line":77,"column":21}},"45":{"start":{"line":80,"column":20},"end":{"line":82,"column":6}},"46":{"start":{"line":83,"column":4},"end":{"line":83,"column":38}},"47":{"start":{"line":84,"column":4},"end":{"line":84,"column":19}},"48":{"start":{"line":88,"column":17},"end":{"line":88,"column":77}},"49":{"start":{"line":89,"column":4},"end":{"line":89,"column":61}},"50":{"start":{"line":89,"column":15},"end":{"line":89,"column":61}},"51":{"start":{"line":90,"column":4},"end":{"line":90,"column":67}},"52":{"start":{"line":90,"column":36},"end":{"line":90,"column":67}},"53":{"start":{"line":92,"column":4},"end":{"line":94,"column":7}},"54":{"start":{"line":95,"column":4},"end":{"line":95,"column":38}},"55":{"start":{"line":96,"column":4},"end":{"line":96,"column":29}},"56":{"start":{"line":100,"column":18},"end":{"line":100,"column":76}},"57":{"start":{"line":101,"column":18},"end":{"line":101,"column":65}},"58":{"start":{"line":101,"column":44},"end":{"line":101,"column":61}},"59":{"start":{"line":102,"column":4},"end":{"line":105,"column":7}},"60":{"start":{"line":10,"column":13},"end":{"line":10,"column":24}},"61":{"start":{"line":10,"column":13},"end":{"line":107,"column":null}}},"fnMap":{"0":{"name":"(anonymous_2)","decl":{"start":{"line":11,"column":2},"end":{"line":11,"column":22}},"loc":{"start":{"line":11,"column":43},"end":{"line":11,"column":47}}},"1":{"name":"(anonymous_3)","decl":{"start":{"line":13,"column":2},"end":{"line":13,"column":9}},"loc":{"start":{"line":13,"column":26},"end":{"line":19,"column":3}}},"2":{"name":"(anonymous_4)","decl":{"start":{"line":21,"column":2},"end":{"line":21,"column":7}},"loc":{"start":{"line":21,"column":44},"end":{"line":29,"column":3}}},"3":{"name":"(anonymous_5)","decl":{"start":{"line":31,"column":2},"end":{"line":31,"column":7}},"loc":{"start":{"line":31,"column":45},"end":{"line":35,"column":3}}},"4":{"name":"(anonymous_6)","decl":{"start":{"line":37,"column":2},"end":{"line":37,"column":7}},"loc":{"start":{"line":37,"column":68},"end":{"line":42,"column":3}}},"5":{"name":"(anonymous_7)","decl":{"start":{"line":44,"column":2},"end":{"line":44,"column":7}},"loc":{"start":{"line":44,"column":43},"end":{"line":54,"column":3}}},"6":{"name":"(anonymous_8)","decl":{"start":{"line":56,"column":2},"end":{"line":56,"column":7}},"loc":{"start":{"line":56,"column":78},"end":{"line":85,"column":3}}},"7":{"name":"(anonymous_9)","decl":{"start":{"line":64,"column":45},"end":{"line":64,"column":46}},"loc":{"start":{"line":64,"column":58},"end":{"line":64,"column":75}}},"8":{"name":"(anonymous_10)","decl":{"start":{"line":68,"column":41},"end":{"line":68,"column":42}},"loc":{"start":{"line":68,"column":49},"end":{"line":68,"column":69}}},"9":{"name":"(anonymous_11)","decl":{"start":{"line":87,"column":2},"end":{"line":87,"column":7}},"loc":{"start":{"line":87,"column":67},"end":{"line":97,"column":3}}},"10":{"name":"(anonymous_12)","decl":{"start":{"line":99,"column":10},"end":{"line":99,"column":15}},"loc":{"start":{"line":99,"column":45},"end":{"line":106,"column":3}}},"11":{"name":"(anonymous_13)","decl":{"start":{"line":101,"column":31},"end":{"line":101,"column":32}},"loc":{"start":{"line":101,"column":44},"end":{"line":101,"column":61}}}},"branchMap":{"0":{"loc":{"start":{"line":26,"column":4},"end":{"line":26,"column":61}},"type":"if","locations":[{"start":{"line":26,"column":4},"end":{"line":26,"column":61}},{"start":{},"end":{}}]},"1":{"loc":{"start":{"line":27,"column":4},"end":{"line":27,"column":67}},"type":"if","locations":[{"start":{"line":27,"column":4},"end":{"line":27,"column":67}},{"start":{},"end":{}}]},"2":{"loc":{"start":{"line":39,"column":4},"end":{"line":39,"column":61}},"type":"if","locations":[{"start":{"line":39,"column":4},"end":{"line":39,"column":61}},{"start":{},"end":{}}]},"3":{"loc":{"start":{"line":40,"column":4},"end":{"line":40,"column":67}},"type":"if","locations":[{"start":{"line":40,"column":4},"end":{"line":40,"column":67}},{"start":{},"end":{}}]},"4":{"loc":{"start":{"line":46,"column":4},"end":{"line":46,"column":61}},"type":"if","locations":[{"start":{"line":46,"column":4},"end":{"line":46,"column":61}},{"start":{},"end":{}}]},"5":{"loc":{"start":{"line":47,"column":4},"end":{"line":47,"column":67}},"type":"if","locations":[{"start":{"line":47,"column":4},"end":{"line":47,"column":67}},{"start":{},"end":{}}]},"6":{"loc":{"start":{"line":56,"column":66},"end":{"line":56,"column":78}},"type":"default-arg","locations":[{"start":{"line":56,"column":77},"end":{"line":56,"column":78}}]},"7":{"loc":{"start":{"line":61,"column":4},"end":{"line":61,"column":61}},"type":"if","locations":[{"start":{"line":61,"column":4},"end":{"line":61,"column":61}},{"start":{},"end":{}}]},"8":{"loc":{"start":{"line":62,"column":4},"end":{"line":62,"column":67}},"type":"if","locations":[{"start":{"line":62,"column":4},"end":{"line":62,"column":67}},{"start":{},"end":{}}]},"9":{"loc":{"start":{"line":65,"column":4},"end":{"line":66,"column":67}},"type":"if","locations":[{"start":{"line":65,"column":4},"end":{"line":66,"column":67}},{"start":{},"end":{}}]},"10":{"loc":{"start":{"line":69,"column":4},"end":{"line":78,"column":5}},"type":"if","locations":[{"start":{"line":69,"column":4},"end":{"line":78,"column":5}},{"start":{},"end":{}}]},"11":{"loc":{"start":{"line":70,"column":6},"end":{"line":71,"column":63}},"type":"if","locations":[{"start":{"line":70,"column":6},"end":{"line":71,"column":63}},{"start":{},"end":{}}]},"12":{"loc":{"start":{"line":89,"column":4},"end":{"line":89,"column":61}},"type":"if","locations":[{"start":{"line":89,"column":4},"end":{"line":89,"column":61}},{"start":{},"end":{}}]},"13":{"loc":{"start":{"line":90,"column":4},"end":{"line":90,"column":67}},"type":"if","locations":[{"start":{"line":90,"column":4},"end":{"line":90,"column":67}},{"start":{},"end":{}}]},"14":{"loc":{"start":{"line":11,"column":30},"end":{"line":11,"column":46}},"type":"cond-expr","locations":[{"start":{"line":11,"column":43},"end":{"line":11,"column":46}},{"start":{"line":11,"column":43},"end":{"line":11,"column":46}}]},"15":{"loc":{"start":{"line":11,"column":30},"end":{"line":11,"column":43}},"type":"binary-expr","locations":[{"start":{"line":11,"column":30},"end":{"line":11,"column":46}},{"start":{"line":11,"column":30},"end":{"line":11,"column":43}}]}},"s":{"0":0,"1":0,"2":0,"3":0,"4":0,"5":0,"6":0,"7":0,"8":0,"9":0,"10":0,"11":0,"12":0,"13":0,"14":0,"15":0,"16":0,"17":0,"18":0,"19":0,"20":0,"21":0,"22":0,"23":0,"24":0,"25":0,"26":0,"27":0,"28":0,"29":0,"30":0,"31":0,"32":0,"33":0,"34":0,"35":0,"36":0,"37":0,"38":0,"39":0,"40":0,"41":0,"42":0,"43":0,"44":0,"45":0,"46":0,"47":0,"48":0,"49":0,"50":0,"51":0,"52":0,"53":0,"54":0,"55":0,"56":0,"57":0,"58":0,"59":0,"60":0,"61":0},"f":{"0":0,"1":0,"2":0,"3":0,"4":0,"5":0,"6":0,"7":0,"8":0,"9":0,"10":0,"11":0},"b":{"0":[0,0],"1":[0,0],"2":[0,0],"3":[0,0],"4":[0,0],"5":[0,0],"6":[0],"7":[0,0],"8":[0,0],"9":[0,0],"10":[0,0],"11":[0,0],"12":[0,0],"13":[0,0],"14":[0,0],"15":[0,0]}}
,"C:\\Users\\enzoa\\Projets\\olympos\\backend\\src\\game\\elo.service.ts": {"path":"C:\\Users\\enzoa\\Projets\\olympos\\backend\\src\\game\\elo.service.ts","statementMap":{"0":{"start":{"line":1,"column":0},"end":{"line":1,"column":44}},"1":{"start":{"line":3,"column":10},"end":{"line":3,"column":12}},"2":{"start":{"line":6,"column":7},"end":{"line":21,"column":null}},"3":{"start":{"line":11,"column":24},"end":{"line":11,"column":78}},"4":{"start":{"line":12,"column":25},"end":{"line":12,"column":40}},"5":{"start":{"line":14,"column":4},"end":{"line":19,"column":6}},"6":{"start":{"line":6,"column":13},"end":{"line":6,"column":23}},"7":{"start":{"line":6,"column":13},"end":{"line":21,"column":null}}},"fnMap":{"0":{"name":"(anonymous_1)","decl":{"start":{"line":7,"column":2},"end":{"line":7,"column":9}},"loc":{"start":{"line":9,"column":38},"end":{"line":20,"column":3}}}},"branchMap":{},"s":{"0":1,"1":1,"2":1,"3":0,"4":0,"5":0,"6":1,"7":1},"f":{"0":0},"b":{}}
,"C:\\Users\\enzoa\\Projets\\olympos\\backend\\src\\game\\game-engine.service.ts": {"path":"C:\\Users\\enzoa\\Projets\\olympos\\backend\\src\\game\\game-engine.service.ts","statementMap":{"0":{"start":{"line":1,"column":0},"end":{"line":1,"column":85}},"1":{"start":{"line":2,"column":0},"end":{"line":2,"column":34}},"2":{"start":{"line":4,"column":0},"end":{"line":4,"column":57}},"3":{"start":{"line":6,"column":20},"end":{"line":6,"column":22}},"4":{"start":{"line":7,"column":27},"end":{"line":7,"column":28}},"5":{"start":{"line":8,"column":17},"end":{"line":8,"column":19}},"6":{"start":{"line":9,"column":13},"end":{"line":9,"column":32}},"7":{"start":{"line":10,"column":22},"end":{"line":10,"column":24}},"8":{"start":{"line":13,"column":7},"end":{"line":387,"column":null}},"9":{"start":{"line":14,"column":22},"end":{"line":14,"column":30}},"10":{"start":{"line":25,"column":18},"end":{"line":25,"column":49}},"11":{"start":{"line":26,"column":18},"end":{"line":26,"column":49}},"12":{"start":{"line":28,"column":19},"end":{"line":28,"column":54}},"13":{"start":{"line":29,"column":19},"end":{"line":29,"column":54}},"14":{"start":{"line":31,"column":4},"end":{"line":55,"column":6}},"15":{"start":{"line":61,"column":19},"end":{"line":61,"column":50}},"16":{"start":{"line":62,"column":23},"end":{"line":62,"column":61}},"17":{"start":{"line":65,"column":18},"end":{"line":65,"column":34}},"18":{"start":{"line":66,"column":18},"end":{"line":66,"column":43}},"19":{"start":{"line":67,"column":4},"end":{"line":73,"column":5}},"20":{"start":{"line":68,"column":6},"end":{"line":70,"column":7}},"21":{"start":{"line":69,"column":8},"end":{"line":69,"column":43}},"22":{"start":{"line":72,"column":6},"end":{"line":72,"column":33}},"23":{"start":{"line":76,"column":21},"end":{"line":76,"column":73}},"24":{"start":{"line":76,"column":46},"end":{"line":76,"column":71}},"25":{"start":{"line":78,"column":39},"end":{"line":85,"column":6}},"26":{"start":{"line":87,"column":4},"end":{"line":93,"column":6}},"27":{"start":{"line":103,"column":4},"end":{"line":103,"column":33}},"28":{"start":{"line":104,"column":4},"end":{"line":104,"column":37}},"29":{"start":{"line":106,"column":19},"end":{"line":106,"column":50}},"30":{"start":{"line":108,"column":4},"end":{"line":108,"column":89}},"31":{"start":{"line":108,"column":39},"end":{"line":108,"column":89}},"32":{"start":{"line":110,"column":17},"end":{"line":110,"column":77}},"33":{"start":{"line":111,"column":4},"end":{"line":111,"column":63}},"34":{"start":{"line":111,"column":15},"end":{"line":111,"column":63}},"35":{"start":{"line":112,"column":4},"end":{"line":112,"column":94}},"36":{"start":{"line":112,"column":38},"end":{"line":112,"column":94}},"37":{"start":{"line":113,"column":4},"end":{"line":113,"column":131}},"38":{"start":{"line":113,"column":37},"end":{"line":113,"column":131}},"39":{"start":{"line":114,"column":4},"end":{"line":114,"column":112}},"40":{"start":{"line":114,"column":47},"end":{"line":114,"column":112}},"41":{"start":{"line":116,"column":17},"end":{"line":116,"column":44}},"42":{"start":{"line":117,"column":20},"end":{"line":117,"column":83}},"43":{"start":{"line":118,"column":34},"end":{"line":125,"column":6}},"44":{"start":{"line":127,"column":39},"end":{"line":132,"column":6}},"45":{"start":{"line":134,"column":4},"end":{"line":134,"column":65}},"46":{"start":{"line":144,"column":4},"end":{"line":144,"column":33}},"47":{"start":{"line":145,"column":4},"end":{"line":145,"column":37}},"48":{"start":{"line":147,"column":19},"end":{"line":147,"column":50}},"49":{"start":{"line":149,"column":4},"end":{"line":149,"column":89}},"50":{"start":{"line":149,"column":39},"end":{"line":149,"column":89}},"51":{"start":{"line":151,"column":17},"end":{"line":151,"column":77}},"52":{"start":{"line":152,"column":4},"end":{"line":152,"column":63}},"53":{"start":{"line":152,"column":15},"end":{"line":152,"column":63}},"54":{"start":{"line":153,"column":4},"end":{"line":153,"column":103}},"55":{"start":{"line":153,"column":38},"end":{"line":153,"column":103}},"56":{"start":{"line":155,"column":15},"end":{"line":155,"column":39}},"57":{"start":{"line":156,"column":4},"end":{"line":158,"column":5}},"58":{"start":{"line":157,"column":6},"end":{"line":157,"column":94}},"59":{"start":{"line":159,"column":4},"end":{"line":161,"column":5}},"60":{"start":{"line":160,"column":6},"end":{"line":160,"column":77}},"61":{"start":{"line":162,"column":4},"end":{"line":164,"column":5}},"62":{"start":{"line":163,"column":6},"end":{"line":163,"column":76}},"63":{"start":{"line":166,"column":4},"end":{"line":166,"column":131}},"64":{"start":{"line":166,"column":37},"end":{"line":166,"column":131}},"65":{"start":{"line":168,"column":18},"end":{"line":168,"column":34}},"66":{"start":{"line":169,"column":21},"end":{"line":169,"column":38}},"67":{"start":{"line":170,"column":17},"end":{"line":170,"column":44}},"68":{"start":{"line":171,"column":20},"end":{"line":171,"column":83}},"69":{"start":{"line":172,"column":37},"end":{"line":172,"column":100}},"70":{"start":{"line":173,"column":26},"end":{"line":173,"column":59}},"71":{"start":{"line":175,"column":4},"end":{"line":203,"column":5}},"72":{"start":{"line":176,"column":23},"end":{"line":178,"column":37}},"73":{"start":{"line":177,"column":21},"end":{"line":177,"column":57}},"74":{"start":{"line":178,"column":23},"end":{"line":178,"column":36}},"75":{"start":{"line":179,"column":6},"end":{"line":179,"column":64}},"76":{"start":{"line":180,"column":11},"end":{"line":203,"column":5}},"77":{"start":{"line":181,"column":6},"end":{"line":181,"column":111}},"78":{"start":{"line":181,"column":21},"end":{"line":181,"column":111}},"79":{"start":{"line":182,"column":6},"end":{"line":187,"column":7}},"80":{"start":{"line":183,"column":8},"end":{"line":186,"column":10}},"81":{"start":{"line":185,"column":49},"end":{"line":185,"column":88}},"82":{"start":{"line":188,"column":11},"end":{"line":203,"column":5}},"83":{"start":{"line":189,"column":6},"end":{"line":199,"column":7}},"84":{"start":{"line":190,"column":38},"end":{"line":197,"column":10}},"85":{"start":{"line":198,"column":8},"end":{"line":198,"column":88}},"86":{"start":{"line":202,"column":6},"end":{"line":202,"column":92}},"87":{"start":{"line":205,"column":21},"end":{"line":205,"column":74}},"88":{"start":{"line":206,"column":4},"end":{"line":206,"column":86}},"89":{"start":{"line":218,"column":4},"end":{"line":218,"column":33}},"90":{"start":{"line":219,"column":4},"end":{"line":219,"column":37}},"91":{"start":{"line":221,"column":19},"end":{"line":221,"column":50}},"92":{"start":{"line":222,"column":21},"end":{"line":222,"column":54}},"93":{"start":{"line":224,"column":4},"end":{"line":224,"column":89}},"94":{"start":{"line":224,"column":39},"end":{"line":224,"column":89}},"95":{"start":{"line":226,"column":17},"end":{"line":226,"column":77}},"96":{"start":{"line":227,"column":4},"end":{"line":227,"column":63}},"97":{"start":{"line":227,"column":15},"end":{"line":227,"column":63}},"98":{"start":{"line":229,"column":15},"end":{"line":229,"column":39}},"99":{"start":{"line":230,"column":4},"end":{"line":232,"column":5}},"100":{"start":{"line":231,"column":6},"end":{"line":231,"column":88}},"101":{"start":{"line":233,"column":4},"end":{"line":235,"column":5}},"102":{"start":{"line":234,"column":6},"end":{"line":234,"column":77}},"103":{"start":{"line":236,"column":4},"end":{"line":236,"column":131}},"104":{"start":{"line":236,"column":37},"end":{"line":236,"column":131}},"105":{"start":{"line":239,"column":4},"end":{"line":244,"column":5}},"106":{"start":{"line":240,"column":27},"end":{"line":240,"column":80}},"107":{"start":{"line":240,"column":54},"end":{"line":240,"column":79}},"108":{"start":{"line":241,"column":6},"end":{"line":241,"column":87}},"109":{"start":{"line":241,"column":25},"end":{"line":241,"column":87}},"110":{"start":{"line":243,"column":6},"end":{"line":243,"column":111}},"111":{"start":{"line":243,"column":31},"end":{"line":243,"column":111}},"112":{"start":{"line":246,"column":18},"end":{"line":246,"column":34}},"113":{"start":{"line":247,"column":17},"end":{"line":247,"column":44}},"114":{"start":{"line":248,"column":20},"end":{"line":248,"column":83}},"115":{"start":{"line":249,"column":37},"end":{"line":249,"column":100}},"116":{"start":{"line":250,"column":26},"end":{"line":250,"column":41}},"117":{"start":{"line":252,"column":4},"end":{"line":259,"column":5}},"118":{"start":{"line":253,"column":23},"end":{"line":255,"column":37}},"119":{"start":{"line":254,"column":20},"end":{"line":254,"column":88}},"120":{"start":{"line":255,"column":23},"end":{"line":255,"column":36}},"121":{"start":{"line":256,"column":6},"end":{"line":256,"column":64}},"122":{"start":{"line":258,"column":6},"end":{"line":258,"column":92}},"123":{"start":{"line":261,"column":21},"end":{"line":261,"column":74}},"124":{"start":{"line":262,"column":4},"end":{"line":262,"column":86}},"125":{"start":{"line":273,"column":4},"end":{"line":273,"column":33}},"126":{"start":{"line":274,"column":4},"end":{"line":274,"column":45}},"127":{"start":{"line":276,"column":21},"end":{"line":276,"column":60}},"128":{"start":{"line":277,"column":21},"end":{"line":277,"column":62}},"129":{"start":{"line":279,"column":29},"end":{"line":279,"column":92}},"130":{"start":{"line":279,"column":56},"end":{"line":279,"column":91}},"131":{"start":{"line":280,"column":4},"end":{"line":280,"column":82}},"132":{"start":{"line":280,"column":27},"end":{"line":280,"column":82}},"133":{"start":{"line":281,"column":4},"end":{"line":281,"column":103}},"134":{"start":{"line":281,"column":37},"end":{"line":281,"column":103}},"135":{"start":{"line":283,"column":27},"end":{"line":283,"column":88}},"136":{"start":{"line":283,"column":54},"end":{"line":283,"column":87}},"137":{"start":{"line":284,"column":4},"end":{"line":284,"column":78}},"138":{"start":{"line":284,"column":25},"end":{"line":284,"column":78}},"139":{"start":{"line":287,"column":31},"end":{"line":287,"column":79}},"140":{"start":{"line":288,"column":29},"end":{"line":288,"column":77}},"141":{"start":{"line":290,"column":33},"end":{"line":292,"column":35}},"142":{"start":{"line":291,"column":18},"end":{"line":291,"column":115}},"143":{"start":{"line":292,"column":21},"end":{"line":292,"column":34}},"144":{"start":{"line":294,"column":33},"end":{"line":296,"column":35}},"145":{"start":{"line":295,"column":18},"end":{"line":295,"column":93}},"146":{"start":{"line":296,"column":21},"end":{"line":296,"column":34}},"147":{"start":{"line":298,"column":21},"end":{"line":298,"column":113}},"148":{"start":{"line":299,"column":4},"end":{"line":299,"column":108}},"149":{"start":{"line":309,"column":4},"end":{"line":309,"column":33}},"150":{"start":{"line":310,"column":4},"end":{"line":310,"column":45}},"151":{"start":{"line":312,"column":21},"end":{"line":312,"column":60}},"152":{"start":{"line":313,"column":21},"end":{"line":313,"column":62}},"153":{"start":{"line":316,"column":4},"end":{"line":318,"column":5}},"154":{"start":{"line":317,"column":6},"end":{"line":317,"column":101}},"155":{"start":{"line":320,"column":29},"end":{"line":320,"column":92}},"156":{"start":{"line":320,"column":56},"end":{"line":320,"column":91}},"157":{"start":{"line":321,"column":4},"end":{"line":321,"column":82}},"158":{"start":{"line":321,"column":27},"end":{"line":321,"column":82}},"159":{"start":{"line":322,"column":4},"end":{"line":322,"column":103}},"160":{"start":{"line":322,"column":37},"end":{"line":322,"column":103}},"161":{"start":{"line":324,"column":33},"end":{"line":325,"column":null}},"162":{"start":{"line":325,"column":6},"end":{"line":325,"column":74}},"163":{"start":{"line":328,"column":26},"end":{"line":328,"column":76}},"164":{"start":{"line":330,"column":21},"end":{"line":330,"column":113}},"165":{"start":{"line":331,"column":4},"end":{"line":331,"column":98}},"166":{"start":{"line":337,"column":15},"end":{"line":337,"column":28}},"167":{"start":{"line":338,"column":15},"end":{"line":338,"column":28}},"168":{"start":{"line":339,"column":4},"end":{"line":339,"column":67}},"169":{"start":{"line":339,"column":20},"end":{"line":339,"column":67}},"170":{"start":{"line":340,"column":4},"end":{"line":340,"column":67}},"171":{"start":{"line":340,"column":20},"end":{"line":340,"column":67}},"172":{"start":{"line":341,"column":4},"end":{"line":341,"column":29}},"173":{"start":{"line":347,"column":4},"end":{"line":349,"column":5}},"174":{"start":{"line":348,"column":6},"end":{"line":348,"column":84}},"175":{"start":{"line":353,"column":4},"end":{"line":355,"column":5}},"176":{"start":{"line":354,"column":6},"end":{"line":354,"column":52}},"177":{"start":{"line":359,"column":4},"end":{"line":359,"column":66}},"178":{"start":{"line":359,"column":45},"end":{"line":359,"column":66}},"179":{"start":{"line":360,"column":4},"end":{"line":360,"column":66}},"180":{"start":{"line":360,"column":45},"end":{"line":360,"column":66}},"181":{"start":{"line":361,"column":4},"end":{"line":361,"column":54}},"182":{"start":{"line":365,"column":4},"end":{"line":365,"column":66}},"183":{"start":{"line":365,"column":45},"end":{"line":365,"column":66}},"184":{"start":{"line":366,"column":4},"end":{"line":366,"column":66}},"185":{"start":{"line":366,"column":45},"end":{"line":366,"column":66}},"186":{"start":{"line":367,"column":4},"end":{"line":367,"column":54}},"187":{"start":{"line":371,"column":4},"end":{"line":371,"column":73}},"188":{"start":{"line":371,"column":45},"end":{"line":371,"column":73}},"189":{"start":{"line":372,"column":4},"end":{"line":372,"column":32}},"190":{"start":{"line":376,"column":4},"end":{"line":376,"column":83}},"191":{"start":{"line":376,"column":45},"end":{"line":376,"column":83}},"192":{"start":{"line":377,"column":4},"end":{"line":377,"column":42}},"193":{"start":{"line":381,"column":4},"end":{"line":384,"column":5}},"194":{"start":{"line":381,"column":17},"end":{"line":381,"column":31}},"195":{"start":{"line":382,"column":16},"end":{"line":382,"column":51}},"196":{"start":{"line":383,"column":6},"end":{"line":383,"column":42}},"197":{"start":{"line":385,"column":4},"end":{"line":385,"column":15}},"198":{"start":{"line":13,"column":13},"end":{"line":13,"column":30}},"199":{"start":{"line":13,"column":13},"end":{"line":387,"column":null}}},"fnMap":{"0":{"name":"(anonymous_2)","decl":{"start":{"line":14,"column":2},"end":{"line":14,"column":22}},"loc":{"start":{"line":14,"column":43},"end":{"line":14,"column":47}}},"1":{"name":"(anonymous_3)","decl":{"start":{"line":18,"column":2},"end":{"line":18,"column":7}},"loc":{"start":{"line":23,"column":26},"end":{"line":56,"column":3}}},"2":{"name":"(anonymous_4)","decl":{"start":{"line":60,"column":2},"end":{"line":60,"column":11}},"loc":{"start":{"line":60,"column":46},"end":{"line":94,"column":3}}},"3":{"name":"(anonymous_5)","decl":{"start":{"line":76,"column":38},"end":{"line":76,"column":39}},"loc":{"start":{"line":76,"column":46},"end":{"line":76,"column":71}}},"4":{"name":"(anonymous_6)","decl":{"start":{"line":98,"column":2},"end":{"line":98,"column":7}},"loc":{"start":{"line":101,"column":18},"end":{"line":135,"column":3}}},"5":{"name":"(anonymous_7)","decl":{"start":{"line":139,"column":2},"end":{"line":139,"column":7}},"loc":{"start":{"line":142,"column":18},"end":{"line":207,"column":3}}},"6":{"name":"(anonymous_8)","decl":{"start":{"line":177,"column":13},"end":{"line":177,"column":14}},"loc":{"start":{"line":177,"column":21},"end":{"line":177,"column":57}}},"7":{"name":"(anonymous_9)","decl":{"start":{"line":178,"column":16},"end":{"line":178,"column":17}},"loc":{"start":{"line":178,"column":23},"end":{"line":178,"column":36}}},"8":{"name":"(anonymous_10)","decl":{"start":{"line":185,"column":41},"end":{"line":185,"column":42}},"loc":{"start":{"line":185,"column":49},"end":{"line":185,"column":88}}},"9":{"name":"(anonymous_11)","decl":{"start":{"line":211,"column":2},"end":{"line":211,"column":7}},"loc":{"start":{"line":216,"column":35},"end":{"line":263,"column":3}}},"10":{"name":"(anonymous_12)","decl":{"start":{"line":240,"column":47},"end":{"line":240,"column":48}},"loc":{"start":{"line":240,"column":54},"end":{"line":240,"column":79}}},"11":{"name":"(anonymous_13)","decl":{"start":{"line":254,"column":13},"end":{"line":254,"column":14}},"loc":{"start":{"line":254,"column":20},"end":{"line":254,"column":88}}},"12":{"name":"(anonymous_14)","decl":{"start":{"line":255,"column":16},"end":{"line":255,"column":17}},"loc":{"start":{"line":255,"column":23},"end":{"line":255,"column":36}}},"13":{"name":"(anonymous_15)","decl":{"start":{"line":267,"column":2},"end":{"line":267,"column":16}},"loc":{"start":{"line":271,"column":28},"end":{"line":300,"column":3}}},"14":{"name":"(anonymous_16)","decl":{"start":{"line":279,"column":49},"end":{"line":279,"column":50}},"loc":{"start":{"line":279,"column":56},"end":{"line":279,"column":91}}},"15":{"name":"(anonymous_17)","decl":{"start":{"line":283,"column":47},"end":{"line":283,"column":48}},"loc":{"start":{"line":283,"column":54},"end":{"line":283,"column":87}}},"16":{"name":"(anonymous_18)","decl":{"start":{"line":291,"column":11},"end":{"line":291,"column":12}},"loc":{"start":{"line":291,"column":18},"end":{"line":291,"column":115}}},"17":{"name":"(anonymous_19)","decl":{"start":{"line":292,"column":14},"end":{"line":292,"column":15}},"loc":{"start":{"line":292,"column":21},"end":{"line":292,"column":34}}},"18":{"name":"(anonymous_20)","decl":{"start":{"line":295,"column":11},"end":{"line":295,"column":12}},"loc":{"start":{"line":295,"column":18},"end":{"line":295,"column":93}}},"19":{"name":"(anonymous_21)","decl":{"start":{"line":296,"column":14},"end":{"line":296,"column":15}},"loc":{"start":{"line":296,"column":21},"end":{"line":296,"column":34}}},"20":{"name":"(anonymous_22)","decl":{"start":{"line":304,"column":2},"end":{"line":304,"column":14}},"loc":{"start":{"line":307,"column":30},"end":{"line":332,"column":3}}},"21":{"name":"(anonymous_23)","decl":{"start":{"line":320,"column":49},"end":{"line":320,"column":50}},"loc":{"start":{"line":320,"column":56},"end":{"line":320,"column":91}}},"22":{"name":"(anonymous_24)","decl":{"start":{"line":324,"column":52},"end":{"line":324,"column":53}},"loc":{"start":{"line":325,"column":6},"end":{"line":325,"column":74}}},"23":{"name":"(anonymous_25)","decl":{"start":{"line":336,"column":2},"end":{"line":336,"column":14}},"loc":{"start":{"line":336,"column":31},"end":{"line":342,"column":3}}},"24":{"name":"(anonymous_26)","decl":{"start":{"line":346,"column":10},"end":{"line":346,"column":26}},"loc":{"start":{"line":346,"column":43},"end":{"line":350,"column":3}}},"25":{"name":"(anonymous_27)","decl":{"start":{"line":352,"column":10},"end":{"line":352,"column":20}},"loc":{"start":{"line":352,"column":55},"end":{"line":356,"column":3}}},"26":{"name":"(anonymous_28)","decl":{"start":{"line":358,"column":2},"end":{"line":358,"column":11}},"loc":{"start":{"line":358,"column":46},"end":{"line":362,"column":3}}},"27":{"name":"(anonymous_29)","decl":{"start":{"line":364,"column":2},"end":{"line":364,"column":13}},"loc":{"start":{"line":364,"column":48},"end":{"line":368,"column":3}}},"28":{"name":"(anonymous_30)","decl":{"start":{"line":370,"column":10},"end":{"line":370,"column":19}},"loc":{"start":{"line":370,"column":76},"end":{"line":373,"column":3}}},"29":{"name":"(anonymous_31)","decl":{"start":{"line":375,"column":10},"end":{"line":375,"column":26}},"loc":{"start":{"line":375,"column":83},"end":{"line":378,"column":3}}},"30":{"name":"(anonymous_32)","decl":{"start":{"line":380,"column":10},"end":{"line":380,"column":17}},"loc":{"start":{"line":380,"column":29},"end":{"line":386,"column":3}}}},"branchMap":{"0":{"loc":{"start":{"line":67,"column":4},"end":{"line":73,"column":5}},"type":"if","locations":[{"start":{"line":67,"column":4},"end":{"line":73,"column":5}},{"start":{},"end":{}}]},"1":{"loc":{"start":{"line":68,"column":6},"end":{"line":70,"column":7}},"type":"if","locations":[{"start":{"line":68,"column":6},"end":{"line":70,"column":7}},{"start":{},"end":{}}]},"2":{"loc":{"start":{"line":108,"column":4},"end":{"line":108,"column":89}},"type":"if","locations":[{"start":{"line":108,"column":4},"end":{"line":108,"column":89}},{"start":{},"end":{}}]},"3":{"loc":{"start":{"line":111,"column":4},"end":{"line":111,"column":63}},"type":"if","locations":[{"start":{"line":111,"column":4},"end":{"line":111,"column":63}},{"start":{},"end":{}}]},"4":{"loc":{"start":{"line":112,"column":4},"end":{"line":112,"column":94}},"type":"if","locations":[{"start":{"line":112,"column":4},"end":{"line":112,"column":94}},{"start":{},"end":{}}]},"5":{"loc":{"start":{"line":113,"column":4},"end":{"line":113,"column":131}},"type":"if","locations":[{"start":{"line":113,"column":4},"end":{"line":113,"column":131}},{"start":{},"end":{}}]},"6":{"loc":{"start":{"line":114,"column":4},"end":{"line":114,"column":112}},"type":"if","locations":[{"start":{"line":114,"column":4},"end":{"line":114,"column":112}},{"start":{},"end":{}}]},"7":{"loc":{"start":{"line":122,"column":14},"end":{"line":122,"column":30}},"type":"binary-expr","locations":[{"start":{"line":122,"column":14},"end":{"line":122,"column":25}},{"start":{"line":122,"column":29},"end":{"line":122,"column":30}}]},"8":{"loc":{"start":{"line":123,"column":15},"end":{"line":123,"column":32}},"type":"binary-expr","locations":[{"start":{"line":123,"column":15},"end":{"line":123,"column":27}},{"start":{"line":123,"column":31},"end":{"line":123,"column":32}}]},"9":{"loc":{"start":{"line":149,"column":4},"end":{"line":149,"column":89}},"type":"if","locations":[{"start":{"line":149,"column":4},"end":{"line":149,"column":89}},{"start":{},"end":{}}]},"10":{"loc":{"start":{"line":152,"column":4},"end":{"line":152,"column":63}},"type":"if","locations":[{"start":{"line":152,"column":4},"end":{"line":152,"column":63}},{"start":{},"end":{}}]},"11":{"loc":{"start":{"line":153,"column":4},"end":{"line":153,"column":103}},"type":"if","locations":[{"start":{"line":153,"column":4},"end":{"line":153,"column":103}},{"start":{},"end":{}}]},"12":{"loc":{"start":{"line":155,"column":15},"end":{"line":155,"column":39}},"type":"binary-expr","locations":[{"start":{"line":155,"column":15},"end":{"line":155,"column":31}},{"start":{"line":155,"column":35},"end":{"line":155,"column":39}}]},"13":{"loc":{"start":{"line":156,"column":4},"end":{"line":158,"column":5}},"type":"if","locations":[{"start":{"line":156,"column":4},"end":{"line":158,"column":5}},{"start":{},"end":{}}]},"14":{"loc":{"start":{"line":156,"column":8},"end":{"line":156,"column":55}},"type":"binary-expr","locations":[{"start":{"line":156,"column":8},"end":{"line":156,"column":25}},{"start":{"line":156,"column":29},"end":{"line":156,"column":55}}]},"15":{"loc":{"start":{"line":159,"column":4},"end":{"line":161,"column":5}},"type":"if","locations":[{"start":{"line":159,"column":4},"end":{"line":161,"column":5}},{"start":{},"end":{}}]},"16":{"loc":{"start":{"line":162,"column":4},"end":{"line":164,"column":5}},"type":"if","locations":[{"start":{"line":162,"column":4},"end":{"line":164,"column":5}},{"start":{},"end":{}}]},"17":{"loc":{"start":{"line":166,"column":4},"end":{"line":166,"column":131}},"type":"if","locations":[{"start":{"line":166,"column":4},"end":{"line":166,"column":131}},{"start":{},"end":{}}]},"18":{"loc":{"start":{"line":168,"column":18},"end":{"line":168,"column":34}},"type":"binary-expr","locations":[{"start":{"line":168,"column":18},"end":{"line":168,"column":29}},{"start":{"line":168,"column":33},"end":{"line":168,"column":34}}]},"19":{"loc":{"start":{"line":169,"column":21},"end":{"line":169,"column":38}},"type":"binary-expr","locations":[{"start":{"line":169,"column":21},"end":{"line":169,"column":33}},{"start":{"line":169,"column":37},"end":{"line":169,"column":38}}]},"20":{"loc":{"start":{"line":175,"column":4},"end":{"line":203,"column":5}},"type":"if","locations":[{"start":{"line":175,"column":4},"end":{"line":203,"column":5}},{"start":{"line":180,"column":11},"end":{"line":203,"column":5}}]},"21":{"loc":{"start":{"line":180,"column":11},"end":{"line":203,"column":5}},"type":"if","locations":[{"start":{"line":180,"column":11},"end":{"line":203,"column":5}},{"start":{"line":188,"column":11},"end":{"line":203,"column":5}}]},"22":{"loc":{"start":{"line":181,"column":6},"end":{"line":181,"column":111}},"type":"if","locations":[{"start":{"line":181,"column":6},"end":{"line":181,"column":111}},{"start":{},"end":{}}]},"23":{"loc":{"start":{"line":182,"column":6},"end":{"line":187,"column":7}},"type":"if","locations":[{"start":{"line":182,"column":6},"end":{"line":187,"column":7}},{"start":{},"end":{}}]},"24":{"loc":{"start":{"line":188,"column":11},"end":{"line":203,"column":5}},"type":"if","locations":[{"start":{"line":188,"column":11},"end":{"line":203,"column":5}},{"start":{"line":200,"column":11},"end":{"line":203,"column":5}}]},"25":{"loc":{"start":{"line":189,"column":6},"end":{"line":199,"column":7}},"type":"if","locations":[{"start":{"line":189,"column":6},"end":{"line":199,"column":7}},{"start":{},"end":{}}]},"26":{"loc":{"start":{"line":194,"column":18},"end":{"line":194,"column":28}},"type":"binary-expr","locations":[{"start":{"line":194,"column":18},"end":{"line":194,"column":23}},{"start":{"line":194,"column":27},"end":{"line":194,"column":28}}]},"27":{"loc":{"start":{"line":195,"column":19},"end":{"line":195,"column":32}},"type":"binary-expr","locations":[{"start":{"line":195,"column":19},"end":{"line":195,"column":27}},{"start":{"line":195,"column":31},"end":{"line":195,"column":32}}]},"28":{"loc":{"start":{"line":224,"column":4},"end":{"line":224,"column":89}},"type":"if","locations":[{"start":{"line":224,"column":4},"end":{"line":224,"column":89}},{"start":{},"end":{}}]},"29":{"loc":{"start":{"line":227,"column":4},"end":{"line":227,"column":63}},"type":"if","locations":[{"start":{"line":227,"column":4},"end":{"line":227,"column":63}},{"start":{},"end":{}}]},"30":{"loc":{"start":{"line":229,"column":15},"end":{"line":229,"column":39}},"type":"binary-expr","locations":[{"start":{"line":229,"column":15},"end":{"line":229,"column":31}},{"start":{"line":229,"column":35},"end":{"line":229,"column":39}}]},"31":{"loc":{"start":{"line":230,"column":4},"end":{"line":232,"column":5}},"type":"if","locations":[{"start":{"line":230,"column":4},"end":{"line":232,"column":5}},{"start":{},"end":{}}]},"32":{"loc":{"start":{"line":230,"column":8},"end":{"line":230,"column":55}},"type":"binary-expr","locations":[{"start":{"line":230,"column":8},"end":{"line":230,"column":25}},{"start":{"line":230,"column":29},"end":{"line":230,"column":55}}]},"33":{"loc":{"start":{"line":233,"column":4},"end":{"line":235,"column":5}},"type":"if","locations":[{"start":{"line":233,"column":4},"end":{"line":235,"column":5}},{"start":{},"end":{}}]},"34":{"loc":{"start":{"line":233,"column":8},"end":{"line":233,"column":59}},"type":"binary-expr","locations":[{"start":{"line":233,"column":8},"end":{"line":233,"column":34}},{"start":{"line":233,"column":38},"end":{"line":233,"column":59}}]},"35":{"loc":{"start":{"line":236,"column":4},"end":{"line":236,"column":131}},"type":"if","locations":[{"start":{"line":236,"column":4},"end":{"line":236,"column":131}},{"start":{},"end":{}}]},"36":{"loc":{"start":{"line":239,"column":4},"end":{"line":244,"column":5}},"type":"if","locations":[{"start":{"line":239,"column":4},"end":{"line":244,"column":5}},{"start":{"line":242,"column":11},"end":{"line":244,"column":5}}]},"37":{"loc":{"start":{"line":241,"column":6},"end":{"line":241,"column":87}},"type":"if","locations":[{"start":{"line":241,"column":6},"end":{"line":241,"column":87}},{"start":{},"end":{}}]},"38":{"loc":{"start":{"line":243,"column":6},"end":{"line":243,"column":111}},"type":"if","locations":[{"start":{"line":243,"column":6},"end":{"line":243,"column":111}},{"start":{},"end":{}}]},"39":{"loc":{"start":{"line":246,"column":18},"end":{"line":246,"column":34}},"type":"binary-expr","locations":[{"start":{"line":246,"column":18},"end":{"line":246,"column":29}},{"start":{"line":246,"column":33},"end":{"line":246,"column":34}}]},"40":{"loc":{"start":{"line":252,"column":4},"end":{"line":259,"column":5}},"type":"if","locations":[{"start":{"line":252,"column":4},"end":{"line":259,"column":5}},{"start":{"line":257,"column":11},"end":{"line":259,"column":5}}]},"41":{"loc":{"start":{"line":254,"column":20},"end":{"line":254,"column":88}},"type":"cond-expr","locations":[{"start":{"line":254,"column":48},"end":{"line":254,"column":84}},{"start":{"line":254,"column":87},"end":{"line":254,"column":88}}]},"42":{"loc":{"start":{"line":280,"column":4},"end":{"line":280,"column":82}},"type":"if","locations":[{"start":{"line":280,"column":4},"end":{"line":280,"column":82}},{"start":{},"end":{}}]},"43":{"loc":{"start":{"line":281,"column":4},"end":{"line":281,"column":103}},"type":"if","locations":[{"start":{"line":281,"column":4},"end":{"line":281,"column":103}},{"start":{},"end":{}}]},"44":{"loc":{"start":{"line":284,"column":4},"end":{"line":284,"column":78}},"type":"if","locations":[{"start":{"line":284,"column":4},"end":{"line":284,"column":78}},{"start":{},"end":{}}]},"45":{"loc":{"start":{"line":291,"column":18},"end":{"line":291,"column":115}},"type":"cond-expr","locations":[{"start":{"line":291,"column":56},"end":{"line":291,"column":111}},{"start":{"line":291,"column":114},"end":{"line":291,"column":115}}]},"46":{"loc":{"start":{"line":295,"column":18},"end":{"line":295,"column":93}},"type":"cond-expr","locations":[{"start":{"line":295,"column":54},"end":{"line":295,"column":89}},{"start":{"line":295,"column":92},"end":{"line":295,"column":93}}]},"47":{"loc":{"start":{"line":316,"column":4},"end":{"line":318,"column":5}},"type":"if","locations":[{"start":{"line":316,"column":4},"end":{"line":318,"column":5}},{"start":{},"end":{}}]},"48":{"loc":{"start":{"line":321,"column":4},"end":{"line":321,"column":82}},"type":"if","locations":[{"start":{"line":321,"column":4},"end":{"line":321,"column":82}},{"start":{},"end":{}}]},"49":{"loc":{"start":{"line":322,"column":4},"end":{"line":322,"column":103}},"type":"if","locations":[{"start":{"line":322,"column":4},"end":{"line":322,"column":103}},{"start":{},"end":{}}]},"50":{"loc":{"start":{"line":325,"column":6},"end":{"line":325,"column":74}},"type":"cond-expr","locations":[{"start":{"line":325,"column":44},"end":{"line":325,"column":70}},{"start":{"line":325,"column":73},"end":{"line":325,"column":74}}]},"51":{"loc":{"start":{"line":339,"column":4},"end":{"line":339,"column":67}},"type":"if","locations":[{"start":{"line":339,"column":4},"end":{"line":339,"column":67}},{"start":{},"end":{}}]},"52":{"loc":{"start":{"line":340,"column":4},"end":{"line":340,"column":67}},"type":"if","locations":[{"start":{"line":340,"column":4},"end":{"line":340,"column":67}},{"start":{},"end":{}}]},"53":{"loc":{"start":{"line":347,"column":4},"end":{"line":349,"column":5}},"type":"if","locations":[{"start":{"line":347,"column":4},"end":{"line":349,"column":5}},{"start":{},"end":{}}]},"54":{"loc":{"start":{"line":353,"column":4},"end":{"line":355,"column":5}},"type":"if","locations":[{"start":{"line":353,"column":4},"end":{"line":355,"column":5}},{"start":{},"end":{}}]},"55":{"loc":{"start":{"line":359,"column":4},"end":{"line":359,"column":66}},"type":"if","locations":[{"start":{"line":359,"column":4},"end":{"line":359,"column":66}},{"start":{},"end":{}}]},"56":{"loc":{"start":{"line":360,"column":4},"end":{"line":360,"column":66}},"type":"if","locations":[{"start":{"line":360,"column":4},"end":{"line":360,"column":66}},{"start":{},"end":{}}]},"57":{"loc":{"start":{"line":365,"column":4},"end":{"line":365,"column":66}},"type":"if","locations":[{"start":{"line":365,"column":4},"end":{"line":365,"column":66}},{"start":{},"end":{}}]},"58":{"loc":{"start":{"line":366,"column":4},"end":{"line":366,"column":66}},"type":"if","locations":[{"start":{"line":366,"column":4},"end":{"line":366,"column":66}},{"start":{},"end":{}}]},"59":{"loc":{"start":{"line":371,"column":4},"end":{"line":371,"column":73}},"type":"if","locations":[{"start":{"line":371,"column":4},"end":{"line":371,"column":73}},{"start":{},"end":{}}]},"60":{"loc":{"start":{"line":376,"column":4},"end":{"line":376,"column":83}},"type":"if","locations":[{"start":{"line":376,"column":4},"end":{"line":376,"column":83}},{"start":{},"end":{}}]},"61":{"loc":{"start":{"line":14,"column":30},"end":{"line":14,"column":46}},"type":"cond-expr","locations":[{"start":{"line":14,"column":43},"end":{"line":14,"column":46}},{"start":{"line":14,"column":43},"end":{"line":14,"column":46}}]},"62":{"loc":{"start":{"line":14,"column":30},"end":{"line":14,"column":43}},"type":"binary-expr","locations":[{"start":{"line":14,"column":30},"end":{"line":14,"column":46}},{"start":{"line":14,"column":30},"end":{"line":14,"column":43}}]}},"s":{"0":2,"1":2,"2":2,"3":2,"4":2,"5":2,"6":2,"7":2,"8":2,"9":75,"10":0,"11":0,"12":0,"13":0,"14":0,"15":13,"16":13,"17":13,"18":13,"19":13,"20":11,"21":9,"22":11,"23":13,"24":3,"25":13,"26":13,"27":15,"28":14,"29":13,"30":13,"31":1,"32":12,"33":12,"34":1,"35":11,"36":1,"37":10,"38":1,"39":9,"40":2,"41":7,"42":7,"43":7,"44":7,"45":7,"46":16,"47":16,"48":16,"49":16,"50":0,"51":16,"52":16,"53":0,"54":16,"55":0,"56":16,"57":16,"58":2,"59":14,"60":1,"61":13,"62":1,"63":12,"64":1,"65":11,"66":11,"67":11,"68":11,"69":11,"70":11,"71":11,"72":2,"73":4,"74":4,"75":2,"76":9,"77":3,"78":2,"79":3,"80":1,"81":2,"82":6,"83":2,"84":1,"85":1,"86":4,"87":11,"88":11,"89":10,"90":10,"91":10,"92":10,"93":10,"94":0,"95":10,
[...]
,"C:\\Users\\enzoa\\Projets\\olympos\\backend\\src\\matchmaking\\matchmaking.module.ts": {"path":"C:\\Users\\enzoa\\Projets\\olympos\\backend\\src\\matchmaking\\matchmaking.module.ts","statementMap":{"0":{"start":{"line":1,"column":0},"end":{"line":1,"column":40}},"1":{"start":{"line":2,"column":0},"end":{"line":2,"column":59}},"2":{"start":{"line":3,"column":0},"end":{"line":3,"column":65}},"3":{"start":{"line":4,"column":0},"end":{"line":4,"column":49}},"4":{"start":{"line":12,"column":7},"end":{"line":12,"column":null}},"5":{"start":{"line":12,"column":13},"end":{"line":12,"column":30}},"6":{"start":{"line":12,"column":13},"end":{"line":12,"column":null}}},"fnMap":{},"branchMap":{},"s":{"0":0,"1":0,"2":0,"3":0,"4":0,"5":0,"6":0},"f":{},"b":{}}
,"C:\\Users\\enzoa\\Projets\\olympos\\backend\\src\\matchmaking\\matchmaking.service.ts": {"path":"C:\\Users\\enzoa\\Projets\\olympos\\backend\\src\\matchmaking\\matchmaking.service.ts","statementMap":{"0":{"start":{"line":1,"column":0},"end":{"line":1,"column":null}},"1":{"start":{"line":5,"column":0},"end":{"line":5,"column":57}},"2":{"start":{"line":8,"column":7},"end":{"line":68,"column":null}},"3":{"start":{"line":9,"column":22},"end":{"line":9,"column":30}},"4":{"start":{"line":12,"column":19},"end":{"line":14,"column":6}},"5":{"start":{"line":15,"column":4},"end":{"line":15,"column":65}},"6":{"start":{"line":15,"column":17},"end":{"line":15,"column":65}},"7":{"start":{"line":17,"column":18},"end":{"line":31,"column":6}},"8":{"start":{"line":34,"column":21},"end":{"line":42,"column":6}},"9":{"start":{"line":44,"column":4},"end":{"line":50,"column":5}},"10":{"start":{"line":45,"column":6},"end":{"line":48,"column":9}},"11":{"start":{"line":49,"column":6},"end":{"line":49,"column":62}},"12":{"start":{"line":52,"column":4},"end":{"line":52,"column":49}},"13":{"start":{"line":56,"column":18},"end":{"line":58,"column":6}},"14":{"start":{"line":59,"column":4},"end":{"line":60,"column":50}},"15":{"start":{"line":60,"column":6},"end":{"line":60,"column":50}},"16":{"start":{"line":62,"column":4},"end":{"line":65,"column":7}},"17":{"start":{"line":66,"column":4},"end":{"line":66,"column":26}},"18":{"start":{"line":8,"column":13},"end":{"line":8,"column":31}},"19":{"start":{"line":8,"column":13},"end":{"line":68,"column":null}}},"fnMap":{"0":{"name":"(anonymous_2)","decl":{"start":{"line":9,"column":2},"end":{"line":9,"column":22}},"loc":{"start":{"line":9,"column":43},"end":{"line":9,"column":47}}},"1":{"name":"(anonymous_3)","decl":{"start":{"line":11,"column":2},"end":{"line":11,"column":7}},"loc":{"start":{"line":11,"column":29},"end":{"line":53,"column":3}}},"2":{"name":"(anonymous_4)","decl":{"start":{"line":55,"column":2},"end":{"line":55,"column":7}},"loc":{"start":{"line":55,"column":30},"end":{"line":67,"column":3}}}},"branchMap":{"0":{"loc":{"start":{"line":15,"column":4},"end":{"line":15,"column":65}},"type":"if","locations":[{"start":{"line":15,"column":4},"end":{"line":15,"column":65}},{"start":{},"end":{}}]},"1":{"loc":{"start":{"line":44,"column":4},"end":{"line":50,"column":5}},"type":"if","locations":[{"start":{"line":44,"column":4},"end":{"line":50,"column":5}},{"start":{},"end":{}}]},"2":{"loc":{"start":{"line":59,"column":4},"end":{"line":60,"column":50}},"type":"if","locations":[{"start":{"line":59,"column":4},"end":{"line":60,"column":50}},{"start":{},"end":{}}]},"3":{"loc":{"start":{"line":59,"column":8},"end":{"line":59,"column":44}},"type":"binary-expr","locations":[{"start":{"line":59,"column":8},"end":{"line":59,"column":14}},{"start":{"line":59,"column":18},"end":{"line":59,"column":44}}]},"4":{"loc":{"start":{"line":9,"column":30},"end":{"line":9,"column":46}},"type":"cond-expr","locations":[{"start":{"line":9,"column":43},"end":{"line":9,"column":46}},{"start":{"line":9,"column":43},"end":{"line":9,"column":46}}]},"5":{"loc":{"start":{"line":9,"column":30},"end":{"line":9,"column":43}},"type":"binary-expr","locations":[{"start":{"line":9,"column":30},"end":{"line":9,"column":46}},{"start":{"line":9,"column":30},"end":{"line":9,"column":43}}]}},"s":{"0":0,"1":0,"2":0,"3":0,"4":0,"5":0,"6":0,"7":0,"8":0,"9":0,"10":0,"11":0,"12":0,"13":0,"14":0,"15":0,"16":0,"17":0,"18":0,"19":0},"f":{"0":0,"1":0,"2":0},"b":{"0":[0,0],"1":[0,0],"2":[0,0],"3":[0,0],"4":[0,0],"5":[0,0]}}
,"C:\\Users\\enzoa\\Projets\\olympos\\backend\\src\\oracle\\oracle.controller.ts": {"path":"C:\\Users\\enzoa\\Projets\\olympos\\backend\\src\\oracle\\oracle.controller.ts","statementMap":{"0":{"start":{"line":1,"column":0},"end":{"line":1,"column":72}},"1":{"start":{"line":3,"column":0},"end":{"line":3,"column":54}},"2":{"start":{"line":4,"column":0},"end":{"line":4,"column":49}},"3":{"start":{"line":8,"column":7},"end":{"line":24,"column":null}},"4":{"start":{"line":9,"column":22},"end":{"line":9,"column":37}},"5":{"start":{"line":13,"column":4},"end":{"line":13,"column":55}},"6":{"start":{"line":14,"column":4},"end":{"line":14,"column":47}},"7":{"start":{"line":15,"column":4},"end":{"line":15,"column":46}},"8":{"start":{"line":17,"column":4},"end":{"line":19,"column":7}},"9":{"start":{"line":18,"column":6},"end":{"line":18,"column":58}},"10":{"start":{"line":21,"column":4},"end":{"line":21,"column":61}},"11":{"start":{"line":22,"column":4},"end":{"line":22,"column":14}},"12":{"start":{"line":8,"column":13},"end":{"line":8,"column":29}},"13":{"start":{"line":12,"column":8},"end":{"line":23,"column":null}},"14":{"start":{"line":8,"column":13},"end":{"line":24,"column":null}}},"fnMap":{"0":{"name":"(anonymous_4)","decl":{"start":{"line":9,"column":2},"end":{"line":9,"column":22}},"loc":{"start":{"line":9,"column":50},"end":{"line":9,"column":54}}},"1":{"name":"(anonymous_5)","decl":{"start":{"line":12,"column":8},"end":{"line":12,"column":11}},"loc":{"start":{"line":12,"column":68},"end":{"line":23,"column":3}}},"2":{"name":"(anonymous_6)","decl":{"start":{"line":17,"column":57},"end":{"line":17,"column":58}},"loc":{"start":{"line":17,"column":67},"end":{"line":19,"column":5}}}},"branchMap":{"0":{"loc":{"start":{"line":9,"column":37},"end":{"line":9,"column":53}},"type":"cond-expr","locations":[{"start":{"line":9,"column":50},"end":{"line":9,"column":53}},{"start":{"line":9,"column":50},"end":{"line":9,"column":53}}]},"1":{"loc":{"start":{"line":9,"column":37},"end":{"line":9,"column":50}},"type":"binary-expr","locations":[{"start":{"line":9,"column":37},"end":{"line":9,"column":53}},{"start":{"line":9,"column":37},"end":{"line":9,"column":50}}]}},"s":{"0":0,"1":0,"2":0,"3":0,"4":0,"5":0,"6":0,"7":0,"8":0,"9":0,"10":0,"11":0,"12":0,"13":0,"14":0},"f":{"0":0,"1":0,"2":0},"b":{"0":[0,0],"1":[0,0]}}
,"C:\\Users\\enzoa\\Projets\\olympos\\backend\\src\\oracle\\oracle.module.ts": {"path":"C:\\Users\\enzoa\\Projets\\olympos\\backend\\src\\oracle\\oracle.module.ts","statementMap":{"0":{"start":{"line":1,"column":0},"end":{"line":1,"column":40}},"1":{"start":{"line":2,"column":0},"end":{"line":2,"column":55}},"2":{"start":{"line":3,"column":0},"end":{"line":3,"column":49}},"3":{"start":{"line":9,"column":7},"end":{"line":9,"column":null}},"4":{"start":{"line":9,"column":13},"end":{"line":9,"column":25}},"5":{"start":{"line":9,"column":13},"end":{"line":9,"column":null}}},"fnMap":{},"branchMap":{},"s":{"0":0,"1":0,"2":0,"3":0,"4":0,"5":0},"f":{},"b":{}}
,"C:\\Users\\enzoa\\Projets\\olympos\\backend\\src\\oracle\\oracle.service.ts": {"path":"C:\\Users\\enzoa\\Projets\\olympos\\backend\\src\\oracle\\oracle.service.ts","statementMap":{"0":{"start":{"line":1,"column":0},"end":{"line":1,"column":73}},"1":{"start":{"line":2,"column":0},"end":{"line":2,"column":32}},"2":{"start":{"line":4,"column":14},"end":{"line":4,"column":25}},"3":{"start":{"line":6,"column":22},"end":{"line":27,"column":96}},"4":{"start":{"line":30,"column":7},"end":{"line":57,"column":null}},"5":{"start":{"line":31,"column":19},"end":{"line":31,"column":31}},"6":{"start":{"line":34,"column":4},"end":{"line":55,"column":5}},"7":{"start":{"line":35,"column":21},"end":{"line":35,"column":32}},"8":{"start":{"line":36,"column":21},"end":{"line":41,"column":8}},"9":{"start":{"line":43,"column":6},"end":{"line":47,"column":7}},"10":{"start":{"line":44,"column":8},"end":{"line":46,"column":9}},"11":{"start":{"line":45,"column":10},"end":{"line":45,"column":34}},"12":{"start":{"line":49,"column":6},"end":{"line":53,"column":7}},"13":{"start":{"line":50,"column":8},"end":{"line":52,"column":10}},"14":{"start":{"line":54,"column":6},"end":{"line":54,"column":16}},"15":{"start":{"line":30,"column":13},"end":{"line":30,"column":26}},"16":{"start":{"line":30,"column":13},"end":{"line":57,"column":null}}},"fnMap":{"0":{"name":"(anonymous_1)","decl":{"start":{"line":33,"column":2},"end":{"line":33,"column":7}},"loc":{"start":{"line":33,"column":71},"end":{"line":56,"column":3}}}},"branchMap":{"0":{"loc":{"start":{"line":44,"column":8},"end":{"line":46,"column":9}},"type":"if","locations":[{"start":{"line":44,"column":8},"end":{"line":46,"column":9}},{"start":{},"end":{}}]},"1":{"loc":{"start":{"line":49,"column":6},"end":{"line":53,"column":7}},"type":"if","locations":[{"start":{"line":49,"column":6},"end":{"line":53,"column":7}},{"start":{},"end":{}}]},"2":{"loc":{"start":{"line":49,"column":10},"end":{"line":49,"column":78}},"type":"binary-expr","locations":[{"start":{"line":49,"column":10},"end":{"line":49,"column":44}},{"start":{"line":49,"column":48},"end":{"line":49,"column":78}}]}},"s":{"0":0,"1":0,"2":0,"3":0,"4":0,"5":0,"6":0,"7":0,"8":0,"9":0,"10":0,"11":0,"12":0,"13":0,"14":0,"15":0,"16":0},"f":{"0":0},"b":{"0":[0,0],"1":[0,0],"2":[0,0]}}
,"C:\\Users\\enzoa\\Projets\\olympos\\backend\\src\\player\\player.controller.ts": {"path":"C:\\Users\\enzoa\\Projets\\olympos\\backend\\src\\player\\player.controller.ts","statementMap":{"0":{"start":{"line":1,"column":0},"end":{"line":1,"column":78}},"1":{"start":{"line":2,"column":0},"end":{"line":2,"column":54}},"2":{"start":{"line":3,"column":0},"end":{"line":3,"column":49}},"3":{"start":{"line":7,"column":7},"end":{"line":27,"column":null}},"4":{"start":{"line":8,"column":22},"end":{"line":8,"column":37}},"5":{"start":{"line":12,"column":4},"end":{"line":12,"column":49}},"6":{"start":{"line":17,"column":4},"end":{"line":17,"column":null}},"7":{"start":{"line":25,"column":4},"end":{"line":25,"column":58}},"8":{"start":{"line":7,"column":13},"end":{"line":7,"column":29}},"9":{"start":{"line":11,"column":2},"end":{"line":13,"column":null}},"10":{"start":{"line":16,"column":2},"end":{"line":18,"column":null}},"11":{"start":{"line":21,"column":2},"end":{"line":26,"column":null}},"12":{"start":{"line":7,"column":13},"end":{"line":27,"column":null}}},"fnMap":{"0":{"name":"(anonymous_4)","decl":{"start":{"line":8,"column":2},"end":{"line":8,"column":22}},"loc":{"start":{"line":8,"column":50},"end":{"line":8,"column":54}}},"1":{"name":"(anonymous_5)","decl":{"start":{"line":11,"column":2},"end":{"line":11,"column":7}},"loc":{"start":{"line":11,"column":23},"end":{"line":13,"column":3}}},"2":{"name":"(anonymous_6)","decl":{"start":{"line":16,"column":2},"end":{"line":16,"column":16}},"loc":{"start":{"line":16,"column":16},"end":{"line":18,"column":3}}},"3":{"name":"(anonymous_7)","decl":{"start":{"line":21,"column":2},"end":{"line":21,"column":10}},"loc":{"start":{"line":23,"column":59},"end":{"line":26,"column":3}}}},"branchMap":{"0":{"loc":{"start":{"line":8,"column":37},"end":{"line":8,"column":53}},"type":"cond-expr","locations":[{"start":{"line":8,"column":50},"end":{"line":8,"column":53}},{"start":{"line":8,"column":50},"end":{"line":8,"column":53}}]},"1":{"loc":{"start":{"line":8,"column":37},"end":{"line":8,"column":50}},"type":"binary-expr","locations":[{"start":{"line":8,"column":37},"end":{"line":8,"column":53}},{"start":{"line":8,"column":37},"end":{"line":8,"column":50}}]}},"s":{"0":0,"1":0,"2":0,"3":0,"4":0,"5":0,"6":0,"7":0,"8":0,"9":0,"10":0,"11":0,"12":0},"f":{"0":0,"1":0,"2":0,"3":0},"b":{"0":[0,0],"1":[0,0]}}
,"C:\\Users\\enzoa\\Projets\\olympos\\backend\\src\\player\\player.module.ts": {"path":"C:\\Users\\enzoa\\Projets\\olympos\\backend\\src\\player\\player.module.ts","statementMap":{"0":{"start":{"line":1,"column":0},"end":{"line":1,"column":40}},"1":{"start":{"line":2,"column":0},"end":{"line":2,"column":49}},"2":{"start":{"line":3,"column":0},"end":{"line":3,"column":55}},"3":{"start":{"line":4,"column":0},"end":{"line":4,"column":49}},"4":{"start":{"line":11,"column":7},"end":{"line":11,"column":null}},"5":{"start":{"line":11,"column":13},"end":{"line":11,"column":25}},"6":{"start":{"line":11,"column":13},"end":{"line":11,"column":null}}},"fnMap":{},"branchMap":{},"s":{"0":0,"1":0,"2":0,"3":0,"4":0,"5":0,"6":0},"f":{},"b":{}}
,"C:\\Users\\enzoa\\Projets\\olympos\\backend\\src\\player\\player.service.ts": {"path":"C:\\Users\\enzoa\\Projets\\olympos\\backend\\src\\player\\player.service.ts","statementMap":{"0":{"start":{"line":1,"column":0},"end":{"line":1,"column":63}},"1":{"start":{"line":2,"column":0},"end":{"line":2,"column":57}},"2":{"start":{"line":5,"column":7},"end":{"line":53,"column":null}},"3":{"start":{"line":6,"column":22},"end":{"line":6,"column":30}},"4":{"start":{"line":9,"column":19},"end":{"line":20,"column":6}},"5":{"start":{"line":21,"column":4},"end":{"line":21,"column":65}},"6":{"start":{"line":21,"column":17},"end":{"line":21,"column":65}},"7":{"start":{"line":22,"column":4},"end":{"line":22,"column":18}},"8":{"start":{"line":26,"column":4},"end":{"line":35,"column":null}},"9":{"start":{"line":39,"column":4},"end":{"line":51,"column":7}},"10":{"start":{"line":5,"column":13},"end":{"line":5,"column":26}},"11":{"start":{"line":5,"column":13},"end":{"line":53,"column":null}}},"fnMap":{"0":{"name":"(anonymous_2)","decl":{"start":{"line":6,"column":2},"end":{"line":6,"column":22}},"loc":{"start":{"line":6,"column":43},"end":{"line":6,"column":47}}},"1":{"name":"(anonymous_3)","decl":{"start":{"line":8,"column":2},"end":{"line":8,"column":7}},"loc":{"start":{"line":8,"column":30},"end":{"line":23,"column":3}}},"2":{"name":"(anonymous_4)","decl":{"start":{"line":25,"column":2},"end":{"line":25,"column":7}},"loc":{"start":{"line":25,"column":33},"end":{"line":36,"column":3}}},"3":{"name":"(anonymous_5)","decl":{"start":{"line":38,"column":2},"end":{"line":38,"column":7}},"loc":{"start":{"line":38,"column":82},"end":{"line":52,"column":3}}}},"branchMap":{"0":{"loc":{"start":{"line":21,"column":4},"end":{"line":21,"column":65}},"type":"if","locations":[{"start":{"line":21,"column":4},"end":{"line":21,"column":65}},{"start":{},"end":{}}]},"1":{"loc":{"start":{"line":25,"column":23},"end":{"line":25,"column":33}},"type":"default-arg","locations":[{"start":{"line":25,"column":31},"end":{"line":25,"column":33}}]},"2":{"loc":{"start":{"line":6,"column":30},"end":{"line":6,"column":46}},"type":"cond-expr","locations":[{"start":{"line":6,"column":43},"end":{"line":6,"column":46}},{"start":{"line":6,"column":43},"end":{"line":6,"column":46}}]},"3":{"loc":{"start":{"line":6,"column":30},"end":{"line":6,"column":43}},"type":"binary-expr","locations":[{"start":{"line":6,"column":30},"end":{"line":6,"column":46}},{"start":{"line":6,"column":30},"end":{"line":6,"column":43}}]}},"s":{"0":0,"1":0,"2":0,"3":0,"4":0,"5":0,"6":0,"7":0,"8":0,"9":0,"10":0,"11":0},"f":{"0":0,"1":0,"2":0,"3":0},"b":{"0":[0,0],"1":[0],"2":[0,0],"3":[0,0]}}
,"C:\\Users\\enzoa\\Projets\\olympos\\backend\\src\\prisma\\prisma.module.ts": {"path":"C:\\Users\\enzoa\\Projets\\olympos\\backend\\src\\prisma\\prisma.module.ts","statementMap":{"0":{"start":{"line":1,"column":0},"end":{"line":1,"column":48}},"1":{"start":{"line":2,"column":0},"end":{"line":2,"column":49}},"2":{"start":{"line":9,"column":7},"end":{"line":9,"column":null}},"3":{"start":{"line":9,"column":13},"end":{"line":9,"column":25}},"4":{"start":{"line":9,"column":13},"end":{"line":9,"column":null}}},"fnMap":{},"branchMap":{},"s":{"0":0,"1":0,"2":0,"3":0,"4":0},"f":{},"b":{}}
,"C:\\Users\\enzoa\\Projets\\olympos\\backend\\src\\prisma\\prisma.service.ts": {"path":"C:\\Users\\enzoa\\Projets\\olympos\\backend\\src\\prisma\\prisma.service.ts","statementMap":{"0":{"start":{"line":1,"column":0},"end":{"line":1,"column":75}},"1":{"start":{"line":2,"column":0},"end":{"line":2,"column":46}},"2":{"start":{"line":3,"column":0},"end":{"line":3,"column":46}},"3":{"start":{"line":4,"column":0},"end":{"line":4,"column":26}},"4":{"start":{"line":7,"column":7},"end":{"line":30,"column":null}},"5":{"start":{"line":14,"column":17},"end":{"line":16,"column":6}},"6":{"start":{"line":17,"column":20},"end":{"line":17,"column":38}},"7":{"start":{"line":18,"column":4},"end":{"line":18,"column":23}},"8":{"start":{"line":19,"column":4},"end":{"line":19,"column":21}},"9":{"start":{"line":23,"column":4},"end":{"line":23,"column":26}},"10":{"start":{"line":27,"column":4},"end":{"line":27,"column":29}},"11":{"start":{"line":28,"column":4},"end":{"line":28,"column":26}},"12":{"start":{"line":7,"column":13},"end":{"line":7,"column":26}},"13":{"start":{"line":7,"column":13},"end":{"line":30,"column":null}}},"fnMap":{"0":{"name":"(anonymous_2)","decl":{"start":{"line":13,"column":2},"end":{"line":13,"column":null}},"loc":{"start":{"line":13,"column":2},"end":{"line":20,"column":3}}},"1":{"name":"(anonymous_3)","decl":{"start":{"line":22,"column":2},"end":{"line":22,"column":7}},"loc":{"start":{"line":22,"column":20},"end":{"line":24,"column":3}}},"2":{"name":"(anonymous_4)","decl":{"start":{"line":26,"column":2},"end":{"line":26,"column":7}},"loc":{"start":{"line":26,"column":23},"end":{"line":29,"column":3}}}},"branchMap":{},"s":{"0":2,"1":2,"2":2,"3":2,"4":2,"5":0,"6":0,"7":0,"8":0,"9":0,"10":0,"11":0,"12":2,"13":2},"f":{"0":0,"1":0,"2":0},"b":{}}
,"C:\\Users\\enzoa\\Projets\\olympos\\backend\\src\\redis\\redis.module.ts": {"path":"C:\\Users\\enzoa\\Projets\\olympos\\backend\\src\\redis\\redis.module.ts","statementMap":{"0":{"start":{"line":1,"column":0},"end":{"line":1,"column":48}},"1":{"start":{"line":2,"column":0},"end":{"line":2,"column":47}},"2":{"start":{"line":3,"column":0},"end":{"line":3,"column":28}},"3":{"start":{"line":5,"column":13},"end":{"line":5,"column":43}},"4":{"start":{"line":19,"column":7},"end":{"line":19,"column":null}},"5":{"start":{"line":19,"column":13},"end":{"line":19,"column":24}},"6":{"start":{"line":19,"column":13},"end":{"line":19,"column":null}},"7":{"start":{"line":14,"column":8},"end":{"line":14,"column":78}}},"fnMap":{"0":{"name":"(anonymous_2)","decl":{"start":{"line":13,"column":18},"end":{"line":13,"column":19}},"loc":{"start":{"line":14,"column":8},"end":{"line":14,"column":78}}}},"branchMap":{"0":{"loc":{"start":{"line":14,"column":18},"end":{"line":14,"column":77}},"type":"binary-expr","locations":[{"start":{"line":14,"column":18},"end":{"line":14,"column":49}},{"start":{"line":14,"column":53},"end":{"line":14,"column":77}}]}},"s":{"0":1,"1":1,"2":1,"3":1,"4":1,"5":1,"6":1,"7":0},"f":{"0":0},"b":{"0":[0,0]}}
}
