TN:
SF:src\app.controller.ts
FN:6,(anonymous_2)
FN:9,(anonymous_3)
FNF:2
FNH:2
FNDA:1,(anonymous_2)
FNDA:1,(anonymous_3)
DA:1,1
DA:2,1
DA:5,1
DA:6,1
DA:9,1
DA:10,1
LF:6
LH:6
BRDA:6,0,0,1
BRDA:6,0,1,0
BRDA:6,1,0,1
BRDA:6,1,1,1
BRF:4
BRH:3
end_of_record
TN:
SF:src\app.module.ts
FNF:0
FNH:0
DA:1,0
DA:2,0
DA:3,0
DA:4,0
DA:5,0
DA:6,0
DA:7,0
DA:8,0
DA:9,0
DA:10,0
DA:11,0
DA:12,0
DA:13,0
DA:14,0
DA:34,0
LF:15
LH:0
BRF:0
BRH:0
end_of_record
TN:
SF:src\app.service.ts
FN:5,(anonymous_1)
FNF:1
FNH:1
FNDA:1,(anonymous_1)
DA:1,1
DA:4,1
DA:6,1
LF:3
LH:3
BRF:0
BRH:0
end_of_record
TN:
SF:src\main.ts
FN:4,bootstrap
FNF:1
FNH:0
FNDA:0,bootstrap
DA:1,0
DA:2,0
DA:5,0
DA:6,0
DA:10,0
DA:11,0
DA:13,0
LF:7
LH:0
BRDA:10,0,0,0
BRDA:10,0,1,0
BRDA:11,1,0,0
BRDA:11,1,1,0
BRF:4
BRH:0
end_of_record
TN:
SF:src\auth\auth.controller.ts
FN:11,(anonymous_4)
FN:15,(anonymous_5)
FN:21,(anonymous_6)
FN:28,(anonymous_7)
FN:35,(anonymous_8)
FNF:5
FNH:0
FNDA:0,(anonymous_4)
FNDA:0,(anonymous_5)
FNDA:0,(anonymous_6)
FNDA:0,(anonymous_7)
FNDA:0,(anonymous_8)
DA:1,0
DA:2,0
DA:3,0
DA:4,0
DA:5,0
DA:6,0
DA:7,0
DA:10,0
DA:11,0
DA:15,0
DA:16,0
DA:21,0
DA:22,0
DA:28,0
DA:29,0
DA:35,0
DA:36,0
LF:17
LH:0
BRDA:15,0,0,0
BRDA:15,0,1,0
BRDA:15,1,0,0
BRDA:15,1,1,0
BRDA:21,2,0,0
BRDA:21,2,1,0
BRDA:21,3,0,0
BRDA:21,3,1,0
BRDA:28,4,0,0
BRDA:28,4,1,0
BRDA:28,5,0,0
BRDA:28,5,1,0
BRDA:35,6,0,0
BRDA:35,6,1,0
BRDA:35,7,0,0
BRDA:35,7,1,0
BRDA:11,8,0,0
BRDA:11,8,1,0
BRDA:11,9,0,0
BRDA:11,9,1,0
BRF:20
BRH:0
end_of_record
TN:
SF:src\auth\auth.module.ts
FNF:0
FNH:0
DA:1,0
DA:2,0
DA:3,0
DA:4,0
DA:5,0
DA:6,0
DA:7,0
DA:21,0
LF:8
LH:0
BRDA:13,0,0,0
BRDA:13,0,1,0
BRF:2
BRH:0
end_of_record
TN:
SF:src\auth\auth.service.ts
FN:19,(anonymous_11)
FN:24,(anonymous_12)
FN:42,(anonymous_13)
FN:54,(anonymous_14)
FN:103,(anonymous_15)
FN:128,(anonymous_16)
FNF:6
FNH:0
FNDA:0,(anonymous_11)
FNDA:0,(anonymous_12)
FNDA:0,(anonymous_13)
FNDA:0,(anonymous_14)
FNDA:0,(anonymous_15)
FNDA:0,(anonymous_16)
DA:1,0
DA:7,0
DA:8,0
DA:9,0
DA:10,0
DA:11,0
DA:18,0
DA:20,0
DA:21,0
DA:25,0
DA:28,0
DA:30,0
DA:31,0
DA:39,0
DA:43,0
DA:46,0
DA:48,0
DA:49,0
DA:51,0
DA:55,0
DA:60,0
DA:62,0
DA:63,0
DA:65,0
DA:73,0
DA:74,0
DA:76,0
DA:77,0
DA:78,0
DA:81,0
DA:89,0
DA:100,0
DA:104,0
DA:108,0
DA:113,0
DA:116,0
DA:118,0
DA:129,0
DA:130,0
LF:39
LH:0
BRDA:28,0,0,0
BRDA:28,0,1,0
BRDA:46,1,0,0
BRDA:46,1,1,0
BRDA:49,2,0,0
BRDA:49,2,1,0
BRDA:60,3,0,0
BRDA:60,3,1,0
BRDA:73,4,0,0
BRDA:73,4,1,0
BRDA:76,5,0,0
BRDA:76,5,1,0
BRDA:108,6,0,0
BRDA:108,6,1,0
BRDA:109,7,0,0
BRDA:109,7,1,0
BRDA:109,7,2,0
BRDA:20,8,0,0
BRDA:20,8,1,0
BRDA:20,9,0,0
BRDA:20,9,1,0
BRDA:20,10,0,0
BRDA:20,10,1,0
BRDA:20,11,0,0
BRDA:20,11,1,0
BRF:25
BRH:0
end_of_record
TN:
SF:src\auth\jwt-auth.guard.ts
FN:8,(anonymous_2)
FN:12,(anonymous_3)
FNF:2
FNH:0
FNDA:0,(anonymous_2)
FNDA:0,(anonymous_3)
DA:1,0
DA:2,0
DA:3,0
DA:4,0
DA:7,0
DA:8,0
DA:9,0
DA:14,0
DA:16,0
DA:20,0
DA:21,0
LF:11
LH:0
BRDA:14,0,0,0
BRDA:14,0,1,0
BRDA:20,1,0,0
BRDA:20,1,1,0
BRDA:8,2,0,0
BRDA:8,2,1,0
BRDA:8,3,0,0
BRDA:8,3,1,0
BRF:8
BRH:0
end_of_record
TN:
SF:src\auth\jwt.strategy.ts
FN:8,(anonymous_2)
FN:16,(anonymous_3)
FNF:2
FNH:0
FNDA:0,(anonymous_2)
FNDA:0,(anonymous_3)
DA:1,0
DA:2,0
DA:3,0
DA:4,0
DA:7,0
DA:8,0
DA:9,0
DA:17,0
DA:20,0
DA:21,0
LF:10
LH:0
BRDA:12,0,0,0
BRDA:12,0,1,0
BRDA:20,1,0,0
BRDA:20,1,1,0
BRDA:8,2,0,0
BRDA:8,2,1,0
BRDA:8,3,0,0
BRDA:8,3,1,0
BRF:8
BRH:0
end_of_record
TN:
SF:src\auth\decorators\public.decorator.ts
FN:4,(anonymous_0)
FNF:1
FNH:0
FNDA:0,(anonymous_0)
DA:1,0
DA:3,0
DA:4,0
LF:3
LH:0
BRF:0
BRH:0
end_of_record
TN:
SF:src\auth\dto\forgot-password.dto.ts
FNF:0
FNH:0
DA:1,0
LF:1
LH:0
BRF:0
BRH:0
end_of_record
TN:
SF:src\auth\dto\login.dto.ts
FNF:0
FNH:0
DA:1,0
LF:1
LH:0
BRF:0
BRH:0
end_of_record
TN:
SF:src\auth\dto\register.dto.ts
FNF:0
FNH:0
DA:1,0
LF:1
LH:0
BRF:0
BRH:0
end_of_record
TN:
SF:src\auth\dto\reset-password.dto.ts
FNF:0
FNH:0
DA:1,0
LF:1
LH:0
BRF:0
BRH:0
end_of_record
TN:
SF:src\card\card.controller.ts
FN:8,(anonymous_4)
FN:11,(anonymous_5)
FN:16,(anonymous_6)
FNF:3
FNH:0
FNDA:0,(anonymous_4)
FNDA:0,(anonymous_5)
FNDA:0,(anonymous_6)
DA:1,0
DA:2,0
DA:3,0
DA:7,0
DA:8,0
DA:11,0
DA:12,0
DA:16,0
DA:17,0
LF:9
LH:0
BRDA:8,0,0,0
BRDA:8,0,1,0
BRDA:8,1,0,0
BRDA:8,1,1,0
BRF:4
BRH:0
end_of_record
TN:
SF:src\card\card.module.ts
FNF:0
FNH:0
DA:1,0
DA:2,0
DA:3,0
DA:4,0
DA:12,0
LF:5
LH:0
BRF:0
BRH:0
end_of_record
TN:
SF:src\card\card.service.ts
FN:6,(anonymous_2)
FN:8,(anonymous_3)
FN:12,(anonymous_4)
FNF:3
FNH:0
FNDA:0,(anonymous_2)
FNDA:0,(anonymous_3)
FNDA:0,(anonymous_4)
DA:1,0
DA:2,0
DA:5,0
DA:6,0
DA:9,0
DA:13,0
DA:14,0
DA:15,0
LF:8
LH:0
BRDA:14,0,0,0
BRDA:14,0,1,0
BRDA:6,1,0,0
BRDA:6,1,1,0
BRDA:6,2,0,0
BRDA:6,2,1,0
BRF:6
BRH:0
end_of_record
TN:
SF:src\deck\deck.controller.ts
FN:18,(anonymous_4)
FN:21,(anonymous_5)
FN:26,(anonymous_6)
FN:31,(anonymous_7)
FN:36,(anonymous_8)
FN:45,(anonymous_9)
FN:50,(anonymous_10)
FN:59,(anonymous_11)
FNF:8
FNH:0
FNDA:0,(anonymous_4)
FNDA:0,(anonymous_5)
FNDA:0,(anonymous_6)
FNDA:0,(anonymous_7)
FNDA:0,(anonymous_8)
FNDA:0,(anonymous_9)
FNDA:0,(anonymous_10)
FNDA:0,(anonymous_11)
DA:1,0
DA:12,0
DA:13,0
DA:17,0
DA:18,0
DA:21,0
DA:22,0
DA:26,0
DA:27,0
DA:31,0
DA:32,0
DA:36,0
DA:41,0
DA:45,0
DA:46,0
DA:50,0
DA:55,0
DA:59,0
DA:64,0
LF:19
LH:0
BRDA:18,0,0,0
BRDA:18,0,1,0
BRDA:18,1,0,0
BRDA:18,1,1,0
BRF:4
BRH:0
end_of_record
TN:
SF:src\deck\deck.module.ts
FNF:0
FNH:0
DA:1,0
DA:2,0
DA:3,0
DA:4,0
DA:12,0
LF:5
LH:0
BRF:0
BRH:0
end_of_record
TN:
SF:src\deck\deck.service.ts
FN:11,(anonymous_2)
FN:13,(anonymous_3)
FN:21,(anonymous_4)
FN:31,(anonymous_5)
FN:37,(anonymous_6)
FN:44,(anonymous_7)
FN:56,(anonymous_8)
FN:64,(anonymous_9)
FN:68,(anonymous_10)
FN:87,(anonymous_11)
FN:99,(anonymous_12)
FN:101,(anonymous_13)
FNF:12
FNH:0
FNDA:0,(anonymous_2)
FNDA:0,(anonymous_3)
FNDA:0,(anonymous_4)
FNDA:0,(anonymous_5)
FNDA:0,(anonymous_6)
FNDA:0,(anonymous_7)
FNDA:0,(anonymous_8)
FNDA:0,(anonymous_9)
FNDA:0,(anonymous_10)
FNDA:0,(anonymous_11)
FNDA:0,(anonymous_12)
FNDA:0,(anonymous_13)
DA:1,0
DA:7,0
DA:10,0
DA:11,0
DA:14,0
DA:22,0
DA:26,0
DA:27,0
DA:28,0
DA:32,0
DA:38,0
DA:39,0
DA:40,0
DA:41,0
DA:45,0
DA:46,0
DA:47,0
DA:49,0
DA:50,0
DA:51,0
DA:52,0
DA:53,0
DA:57,0
DA:61,0
DA:62,0
DA:64,0
DA:65,0
DA:66,0
DA:68,0
DA:69,0
DA:70,0
DA:71,0
DA:72,0
DA:76,0
DA:77,0
DA:80,0
DA:83,0
DA:84,0
DA:88,0
DA:89,0
DA:90,0
DA:92,0
DA:95,0
DA:96,0
DA:100,0
DA:101,0
DA:102,0
LF:47
LH:0
BRDA:26,0,0,0
BRDA:26,0,1,0
BRDA:27,1,0,0
BRDA:27,1,1,0
BRDA:39,2,0,0
BRDA:39,2,1,0
BRDA:40,3,0,0
BRDA:40,3,1,0
BRDA:46,4,0,0
BRDA:46,4,1,0
BRDA:47,5,0,0
BRDA:47,5,1,0
BRDA:56,6,0,0
BRDA:61,7,0,0
BRDA:61,7,1,0
BRDA:62,8,0,0
BRDA:62,8,1,0
BRDA:65,9,0,0
BRDA:65,9,1,0
BRDA:69,10,0,0
BRDA:69,10,1,0
BRDA:70,11,0,0
BRDA:70,11,1,0
BRDA:89,12,0,0
BRDA:89,12,1,0
BRDA:90,13,0,0
BRDA:90,13,1,0
BRDA:11,14,0,0
BRDA:11,14,1,0
BRDA:11,15,0,0
BRDA:11,15,1,0
BRF:31
BRH:0
end_of_record
TN:
SF:src\game\elo.service.ts
FN:7,(anonymous_1)
FNF:1
FNH:0
FNDA:0,(anonymous_1)
DA:1,1
DA:3,1
DA:6,1
DA:11,0
DA:12,0
DA:14,0
LF:6
LH:3
BRF:0
BRH:0
end_of_record
TN:
SF:src\game\game-engine.service.ts
FN:14,(anonymous_2)
FN:18,(anonymous_3)
FN:60,(anonymous_4)
FN:76,(anonymous_5)
FN:98,(anonymous_6)
FN:139,(anonymous_7)
FN:177,(anonymous_8)
FN:178,(anonymous_9)
FN:185,(anonymous_10)
FN:211,(anonymous_11)
FN:240,(anonymous_12)
FN:254,(anonymous_13)
FN:255,(anonymous_14)
FN:267,(anonymous_15)
FN:279,(anonymous_16)
FN:283,(anonymous_17)
FN:291,(anonymous_18)
FN:292,(anonymous_19)
FN:295,(anonymous_20)
FN:296,(anonymous_21)
FN:304,(anonymous_22)
FN:320,(anonymous_23)
FN:324,(anonymous_24)
FN:336,(anonymous_25)
FN:346,(anonymous_26)
FN:352,(anonymous_27)
FN:358,(anonymous_28)
FN:364,(anonymous_29)
FN:370,(anonymous_30)
FN:375,(anonymous_31)
FN:380,(anonymous_32)
FNF:31
FNH:29
FNDA:75,(anonymous_2)
FNDA:0,(anonymous_3)
FNDA:13,(anonymous_4)
FNDA:3,(anonymous_5)
FNDA:15,(anonymous_6)
FNDA:16,(anonymous_7)
FNDA:4,(anonymous_8)
FNDA:4,(anonymous_9)
FNDA:2,(anonymous_10)
FNDA:10,(anonymous_11)
FNDA:4,(anonymous_12)
FNDA:3,(anonymous_13)
FNDA:3,(anonymous_14)
FNDA:10,(anonymous_15)
FNDA:7,(anonymous_16)
FNDA:5,(anonymous_17)
FNDA:5,(anonymous_18)
FNDA:5,(anonymous_19)
FNDA:5,(anonymous_20)
FNDA:5,(anonymous_21)
FNDA:10,(anonymous_22)
FNDA:4,(anonymous_23)
FNDA:3,(anonymous_24)
FNDA:4,(anonymous_25)
FNDA:61,(anonymous_26)
FNDA:57,(anonymous_27)
FNDA:67,(anonymous_28)
FNDA:36,(anonymous_29)
FNDA:13,(anonymous_30)
FNDA:57,(anonymous_31)
FNDA:0,(anonymous_32)
DA:1,2
DA:2,2
DA:4,2
DA:6,2
DA:7,2
DA:8,2
DA:9,2
DA:10,2
DA:13,2
DA:14,75
DA:25,0
DA:26,0
DA:28,0
DA:29,0
DA:31,0
DA:61,13
DA:62,13
DA:65,13
DA:66,13
DA:67,13
DA:68,11
DA:69,9
DA:72,11
DA:76,13
DA:78,13
DA:87,13
DA:103,15
DA:104,14
DA:106,13
DA:108,13
DA:110,12
DA:111,12
DA:112,11
DA:113,10
DA:114,9
DA:116,7
DA:117,7
DA:118,7
DA:127,7
DA:134,7
DA:144,16
DA:145,16
DA:147,16
DA:149,16
DA:151,16
DA:152,16
DA:153,16
DA:155,16
DA:156,16
DA:157,2
DA:159,14
DA:160,1
DA:162,13
DA:163,1
DA:166,12
DA:168,11
DA:169,11
DA:170,11
DA:171,11
DA:172,11
DA:173,11
DA:175,11
DA:176,2
DA:177,4
DA:178,4
DA:179,2
DA:180,9
DA:181,3
DA:182,3
DA:183,1
DA:185,2
DA:188,6
DA:189,2
DA:190,1
DA:198,1
DA:202,4
DA:205,11
DA:206,11
DA:218,10
DA:219,10
DA:221,10
DA:222,10
DA:224,10
DA:226,10
DA:227,10
DA:229,10
DA:230,10
DA:231,1
DA:233,9
DA:234,1
DA:236,8
DA:239,8
DA:240,4
DA:241,4
DA:243,4
DA:246,6
DA:247,6
DA:248,6
DA:249,6
DA:250,6
DA:252,6
DA:253,3
DA:254,3
DA:255,3
DA:256,3
DA:258,3
DA:261,6
DA:262,6
DA:273,10
DA:274,9
DA:276,8
DA:277,8
DA:279,8
DA:280,8
DA:281,7
DA:283,6
DA:284,6
DA:287,5
DA:288,5
DA:290,5
DA:291,5
DA:292,5
DA:294,5
DA:295,5
DA:296,5
DA:298,5
DA:299,5
DA:309,10
DA:310,8
DA:312,7
DA:313,7
DA:316,7
DA:317,2
DA:320,5
DA:321,5
DA:322,4
DA:324,3
DA:325,3
DA:328,3
DA:330,3
DA:331,3
DA:337,4
DA:338,4
DA:339,4
DA:340,2
DA:341,1
DA:347,61
DA:348,4
DA:353,57
DA:354,3
DA:359,67
DA:360,1
DA:361,0
DA:365,36
DA:366,0
DA:367,0
DA:371,13
DA:372,1
DA:376,57
DA:377,25
DA:381,0
DA:382,0
DA:383,0
DA:385,0
LF:164
LH:152
BRDA:67,0,0,11
BRDA:67,0,1,2
BRDA:68,1,0,9
BRDA:68,1,1,2
BRDA:108,2,0,1
BRDA:108,2,1,12
BRDA:111,3,0,1
BRDA:111,3,1,11
BRDA:112,4,0,1
BRDA:112,4,1,10
BRDA:113,5,0,1
BRDA:113,5,1,9
BRDA:114,6,0,2
BRDA:114,6,1,7
BRDA:122,7,0,7
BRDA:122,7,1,0
BRDA:123,8,0,7
BRDA:123,8,1,0
BRDA:149,9,0,0
BRDA:149,9,1,16
BRDA:152,10,0,0
BRDA:152,10,1,16
BRDA:153,11,0,0
BRDA:153,11,1,16
BRDA:155,12,0,16
BRDA:155,12,1,5
BRDA:156,13,0,2
BRDA:156,13,1,14
BRDA:156,14,0,16
BRDA:156,14,1,15
BRDA:159,15,0,1
BRDA:159,15,1,13
BRDA:162,16,0,1
BRDA:162,16,1,12
BRDA:166,17,0,1
BRDA:166,17,1,11
BRDA:168,18,0,11
BRDA:168,18,1,0
BRDA:169,19,0,11
BRDA:169,19,1,7
BRDA:175,20,0,2
BRDA:175,20,1,9
BRDA:180,21,0,3
BRDA:180,21,1,6
BRDA:181,22,0,2
BRDA:181,22,1,1
BRDA:182,23,0,1
BRDA:182,23,1,2
BRDA:188,24,0,2
BRDA:188,24,1,4
BRDA:189,25,0,1
BRDA:189,25,1,1
BRDA:194,26,0,1
BRDA:194,26,1,0
BRDA:195,27,0,1
BRDA:195,27,1,0
BRDA:224,28,0,0
BRDA:224,28,1,10
BRDA:227,29,0,0
BRDA:227,29,1,10
BRDA:229,30,0,10
BRDA:229,30,1,0
BRDA:230,31,0,1
BRDA:230,31,1,9
BRDA:230,32,0,10
BRDA:230,32,1,3
BRDA:233,33,0,1
BRDA:233,33,1,8
BRDA:233,34,0,9
BRDA:233,34,1,2
BRDA:236,35,0,0
BRDA:236,35,1,8
BRDA:239,36,0,4
BRDA:239,36,1,4
BRDA:241,37,0,1
BRDA:241,37,1,3
BRDA:243,38,0,1
BRDA:243,38,1,3
BRDA:246,39,0,6
BRDA:246,39,1,0
BRDA:252,40,0,3
BRDA:252,40,1,3
BRDA:254,41,0,3
BRDA:254,41,1,0
BRDA:280,42,0,1
BRDA:280,42,1,7
BRDA:281,43,0,1
BRDA:281,43,1,6
BRDA:284,44,0,1
BRDA:284,44,1,5
BRDA:291,45,0,5
BRDA:291,45,1,0
BRDA:295,46,0,5
BRDA:295,46,1,0
BRDA:316,47,0,2
BRDA:316,47,1,5
BRDA:321,48,0,1
BRDA:321,48,1,4
BRDA:322,49,0,1
BRDA:322,49,1,3
BRDA:325,50,0,3
BRDA:325,50,1,0
BRDA:339,51,0,2
BRDA:339,51,1,2
BRDA:340,52,0,1
BRDA:340,52,1,1
BRDA:347,53,0,4
BRDA:347,53,1,57
BRDA:353,54,0,3
BRDA:353,54,1,54
BRDA:359,55,0,66
BRDA:359,55,1,1
BRDA:360,56,0,1
BRDA:360,56,1,0
BRDA:365,57,0,36
BRDA:365,57,1,0
BRDA:366,58,0,0
BRDA:366,58,1,0
BRDA:371,59,0,12
BRDA:371,59,1,1
BRDA:376,60,0,32
BRDA:376,60,1,25
BRDA:14,61,0,2
BRDA:14,61,1,0
BRDA:14,62,0,2
BRDA:14,62,1,2
BRF:126
BRH:104
end_of_record
TN:
SF:src\game\game.controller.ts
FN:8,(anonymous_4)
FN:11,(anonymous_5)
FN:19,(anonymous_6)
FN:24,(anonymous_7)
FN:33,(anonymous_8)
FN:38,(anonymous_9)
FNF:6
FNH:0
FNDA:0,(anonymous_4)
FNDA:0,(anonymous_5)
FNDA:0,(anonymous_6)
FNDA:0,(anonymous_7)
FNDA:0,(anonymous_8)
FNDA:0,(anonymous_9)
DA:1,0
DA:2,0
DA:3,0
DA:7,0
DA:8,0
DA:11,0
DA:15,0
DA:19,0
DA:20,0
DA:24,0
DA:29,0
DA:33,0
DA:34,0
DA:38,0
DA:39,0
LF:15
LH:0
BRDA:8,0,0,0
BRDA:8,0,1,0
BRDA:8,1,0,0
BRDA:8,1,1,0
BRF:4
BRH:0
end_of_record
TN:
SF:src\game\game.module.ts
FNF:0
FNH:0
DA:1,0
DA:2,0
DA:3,0
DA:4,0
DA:5,0
DA:6,0
DA:14,0
LF:7
LH:0
BRF:0
BRH:0
end_of_record
TN:
SF:src\game\game.service.ts
FN:23,(anonymous_4)
FN:32,(anonymous_5)
FN:46,(anonymous_6)
FN:49,(anonymous_7)
FN:61,(anonymous_8)
FN:76,(anonymous_9)
FN:93,(anonymous_10)
FN:103,(anonymous_11)
FN:107,(anonymous_12)
FN:114,(anonymous_13)
FN:132,(anonymous_14)
FN:166,(anonymous_15)
FN:167,(anonymous_16)
FN:181,(anonymous_17)
FN:182,(anonymous_18)
FN:196,(anonymous_19)
FN:203,(anonymous_20)
FN:217,(anonymous_21)
FN:223,(anonymous_22)
FN:237,(anonymous_23)
FN:238,(anonymous_24)
FN:252,(anonymous_25)
FN:253,(anonymous_26)
FN:263,(anonymous_27)
FN:264,(anonymous_28)
FN:275,(anonymous_29)
FN:322,(anonymous_30)
FN:352,(anonymous_31)
FN:355,(anonymous_32)
FN:367,(anonymous_33)
FN:375,(anonymous_34)
FN:376,(anonymous_35)
FN:379,(anonymous_36)
FN:380,(anonymous_37)
FN:385,(anonymous_38)
FN:398,(anonymous_39)
FN:413,(anonymous_40)
FN:414,(anonymous_41)
FN:421,(anonymous_42)
FN:429,(anonymous_43)
FN:430,(anonymous_44)
FN:436,(anonymous_45)
FN:437,(anonymous_46)
FN:444,(anonymous_47)
FNF:44
FNH:14
FNDA:15,(anonymous_4)
FNDA:0,(anonymous_5)
FNDA:0,(anonymous_6)
FNDA:0,(anonymous_7)
FNDA:0,(anonymous_8)
FNDA:0,(anonymous_9)
FNDA:10,(anonymous_10)
FNDA:5,(anonymous_11)
FNDA:1,(anonymous_12)
FNDA:9,(anonymous_13)
FNDA:0,(anonymous_14)
FNDA:5,(anonymous_15)
FNDA:4,(anonymous_16)
FNDA:0,(anonymous_17)
FNDA:0,(anonymous_18)
FNDA:0,(anonymous_19)
FNDA:0,(anonymous_20)
FNDA:0,(anonymous_21)
FNDA:0,(anonymous_22)
FNDA:1,(anonymous_23)
FNDA:1,(anonymous_24)
FNDA:2,(anonymous_25)
FNDA:2,(anonymous_26)
FNDA:1,(anonymous_27)
FNDA:1,(anonymous_28)
FNDA:5,(anonymous_29)
FNDA:0,(anonymous_30)
FNDA:0,(anonymous_31)
FNDA:0,(anonymous_32)
FNDA:0,(anonymous_33)
FNDA:0,(anonymous_34)
FNDA:0,(anonymous_35)
FNDA:0,(anonymous_36)
FNDA:0,(anonymous_37)
FNDA:0,(anonymous_38)
FNDA:0,(anonymous_39)
FNDA:0,(anonymous_40)
FNDA:0,(anonymous_41)
FNDA:0,(anonymous_42)
FNDA:0,(anonymous_43)
FNDA:0,(anonymous_44)
FNDA:0,(anonymous_45)
FNDA:0,(anonymous_46)
FNDA:0,(anonymous_47)
DA:1,1
DA:10,1
DA:11,1
DA:12,1
DA:13,1
DA:14,1
DA:15,1
DA:18,1
DA:19,1
DA:22,1
DA:24,15
DA:25,15
DA:26,15
DA:27,15
DA:33,0
DA:38,0
DA:39,0
DA:41,0
DA:46,0
DA:47,0
DA:49,0
DA:50,0
DA:53,0
DA:56,0
DA:58,0
DA:62,0
DA:70,0
DA:71,0
DA:72,0
DA:73,0
DA:77,0
DA:94,10
DA:95,10
DA:96,1
DA:100,9
DA:104,5
DA:108,1
DA:115,9
DA:116,9
DA:117,9
DA:118,9
DA:119,1
DA:121,8
DA:122,8
DA:125,8
DA:126,8
DA:133,0
DA:135,0
DA:136,0
DA:139,0
DA:140,0
DA:144,0
DA:148,0
DA:153,0
DA:154,0
DA:155,0
DA:159,0
DA:162,0
DA:163,0
DA:167,5
DA:168,4
DA:169,4
DA:170,3
DA:171,3
DA:172,1
DA:173,1
DA:175,2
DA:177,3
DA:182,0
DA:183,0
DA:184,0
DA:185,0
DA:186,0
DA:187,0
DA:188,0
DA:190,0
DA:192,0
DA:203,0
DA:204,0
DA:205,0
DA:206,0
DA:207,0
DA:208,0
DA:209,0
DA:211,0
DA:213,0
DA:223,0
DA:224,0
DA:225,0
DA:226,0
DA:227,0
DA:228,0
DA:229,0
DA:231,0
DA:233,0
DA:238,1
DA:239,1
DA:240,1
DA:241,1
DA:242,1
DA:243,0
DA:244,0
DA:246,1
DA:248,1
DA:253,2
DA:254,2
DA:255,2
DA:256,1
DA:257,1
DA:258,1
DA:259,1
DA:264,1
DA:265,1
DA:266,1
DA:267,1
DA:268,1
DA:269,1
DA:281,5
DA:288,5
DA:291,1
DA:292,1
DA:294,1
DA:300,1
DA:316,1
DA:317,1
DA:323,0
DA:326,0
DA:328,0
DA:332,0
DA:334,0
DA:338,0
DA:339,0
DA:341,0
DA:352,0
DA:353,0
DA:355,0
DA:356,0
DA:359,0
DA:362,0
DA:365,0
DA:366,0
DA:367,0
DA:369,0
DA:375,0
DA:376,0
DA:379,0
DA:380,0
DA:386,0
DA:387,0
DA:388,0
DA:389,0
DA:390,0
DA:392,0
DA:393,0
DA:399,0
DA:406,0
DA:407,0
DA:409,0
DA:413,0
DA:414,0
DA:416,0
DA:417,0
DA:419,0
DA:420,0
DA:421,0
DA:423,0
DA:429,0
DA:430,0
DA:436,0
DA:437,0
DA:445,0
LF:171
LH:66
BRDA:38,0,0,0
BRDA:38,0,1,0
BRDA:38,1,0,0
BRDA:38,1,1,0
BRDA:39,2,0,0
BRDA:39,2,1,0
BRDA:39,3,0,0
BRDA:39,3,1,0
BRDA:70,4,0,0
BRDA:70,4,1,0
BRDA:71,5,0,0
BRDA:71,5,1,0
BRDA:71,6,0,0
BRDA:71,6,1,0
BRDA:95,7,0,1
BRDA:95,7,1,9
BRDA:118,8,0,1
BRDA:118,8,1,8
BRDA:135,9,0,0
BRDA:135,9,1,0
BRDA:135,10,0,0
BRDA:135,10,1,0
BRDA:139,11,0,0
BRDA:139,11,1,0
BRDA:144,12,0,0
BRDA:144,12,1,0
BRDA:145,13,0,0
BRDA:145,13,1,0
BRDA:171,14,0,1
BRDA:171,14,1,2
BRDA:171,15,0,3
BRDA:171,15,1,1
BRDA:186,16,0,0
BRDA:186,16,1,0
BRDA:186,17,0,0
BRDA:186,17,1,0
BRDA:207,18,0,0
BRDA:207,18,1,0
BRDA:207,19,0,0
BRDA:207,19,1,0
BRDA:227,20,0,0
BRDA:227,20,1,0
BRDA:227,21,0,0
BRDA:227,21,1,0
BRDA:242,22,0,0
BRDA:242,22,1,1
BRDA:242,23,0,1
BRDA:242,23,1,0
BRDA:255,24,0,1
BRDA:255,24,1,1
BRDA:288,25,0,4
BRDA:288,25,1,1
BRDA:288,26,0,5
BRDA:288,26,1,2
BRDA:291,27,0,1
BRDA:291,27,1,0
BRDA:292,28,0,1
BRDA:292,28,1,0
BRDA:316,29,0,0
BRDA:316,29,1,1
BRDA:326,30,0,0
BRDA:326,30,1,0
BRDA:332,31,0,0
BRDA:332,31,1,0
BRDA:338,32,0,0
BRDA:338,32,1,0
BRDA:339,33,0,0
BRDA:339,33,1,0
BRDA:387,34,0,0
BRDA:387,34,1,0
BRDA:388,35,0,0
BRDA:388,35,1,0
BRDA:388,36,0,0
BRDA:388,36,1,0
BRDA:390,37,0,0
BRDA:390,37,1,0
BRDA:406,38,0,0
BRDA:406,38,1,0
BRDA:406,39,0,0
BRDA:406,39,1,0
BRDA:407,40,0,0
BRDA:407,40,1,0
BRDA:407,41,0,0
BRDA:407,41,1,0
BRDA:427,42,0,0
BRDA:427,42,1,0
BRDA:434,43,0,0
BRDA:434,43,1,0
BRDA:24,44,0,1
BRDA:24,44,1,0
BRDA:24,45,0,1
BRDA:24,45,1,1
BRDA:24,46,0,1
BRDA:24,46,1,0
BRDA:24,47,0,1
BRDA:24,47,1,1
BRDA:25,48,0,1
BRDA:25,48,1,0
BRDA:25,49,0,1
BRDA:25,49,1,1
BRDA:26,50,0,1
BRDA:26,50,1,0
BRDA:26,51,0,1
BRDA:26,51,1,1
BRF:104
BRH:31
end_of_record
TN:
SF:src\gateway\game.gateway.ts
FN:27,(anonymous_4)
FN:35,(anonymous_5)
FN:49,(anonymous_6)
FN:71,(anonymous_7)
FN:125,(anonymous_8)
FN:139,(anonymous_9)
FN:175,(anonymous_10)
FN:221,(anonymous_11)
FN:262,(anonymous_12)
FN:280,(anonymous_13)
FN:300,(anonymous_14)
FN:306,(anonymous_15)
FNF:12
FNH:0
FNDA:0,(anonymous_4)
FNDA:0,(anonymous_5)
FNDA:0,(anonymous_6)
FNDA:0,(anonymous_7)
FNDA:0,(anonymous_8)
FNDA:0,(anonymous_9)
FNDA:0,(anonymous_10)
FNDA:0,(anonymous_11)
FNDA:0,(anonymous_12)
FNDA:0,(anonymous_13)
FNDA:0,(anonymous_14)
FNDA:0,(anonymous_15)
DA:1,0
DA:10,0
DA:11,0
DA:12,0
DA:13,0
DA:22,0
DA:23,0
DA:25,0
DA:28,0
DA:29,0
DA:30,0
DA:36,0
DA:38,0
DA:40,0
DA:42,0
DA:43,0
DA:45,0
DA:50,0
DA:51,0
DA:52,0
DA:54,0
DA:55,0
DA:56,0
DA:57,0
DA:58,0
DA:59,0
DA:71,0
DA:75,0
DA:76,0
DA:78,0
DA:80,0
DA:81,0
DA:83,0
DA:84,0
DA:85,0
DA:87,0
DA:88,0
DA:89,0
DA:92,0
DA:98,0
DA:107,0
DA:108,0
DA:117,0
DA:120,0
DA:125,0
DA:126,0
DA:127,0
DA:129,0
DA:130,0
DA:133,0
DA:139,0
DA:143,0
DA:144,0
DA:146,0
DA:147,0
DA:149,0
DA:150,0
DA:152,0
DA:153,0
DA:155,0
DA:158,0
DA:159,0
DA:160,0
DA:161,0
DA:162,0
DA:164,0
DA:175,0
DA:184,0
DA:185,0
DA:187,0
DA:190,0
DA:192,0
DA:197,0
DA:198,0
DA:201,0
DA:202,0
DA:204,0
DA:209,0
DA:210,0
DA:211,0
DA:214,0
DA:221,0
DA:230,0
DA:231,0
DA:233,0
DA:235,0
DA:236,0
DA:241,0
DA:246,0
DA:248,0
DA:249,0
DA:255,0
DA:262,0
DA:266,0
DA:267,0
DA:269,0
DA:270,0
DA:271,0
DA:273,0
DA:280,0
DA:284,0
DA:285,0
DA:287,0
DA:288,0
DA:289,0
DA:294,0
DA:301,0
DA:302,0
DA:310,0
DA:311,0
DA:312,0
LF:111
LH:0
BRDA:38,0,0,0
BRDA:38,0,1,0
BRDA:40,1,0,0
BRDA:40,1,1,0
BRDA:51,2,0,0
BRDA:51,2,1,0
BRDA:54,3,0,0
BRDA:54,3,1,0
BRDA:56,4,0,0
BRDA:56,4,1,0
BRDA:76,5,0,0
BRDA:76,5,1,0
BRDA:83,6,0,0
BRDA:83,6,1,0
BRDA:83,7,0,0
BRDA:83,7,1,0
BRDA:85,8,0,0
BRDA:85,8,1,0
BRDA:87,9,0,0
BRDA:87,9,1,0
BRDA:107,10,0,0
BRDA:107,10,1,0
BRDA:120,11,0,0
BRDA:120,11,1,0
BRDA:127,12,0,0
BRDA:127,12,1,0
BRDA:144,13,0,0
BRDA:144,13,1,0
BRDA:152,14,0,0
BRDA:152,14,1,0
BRDA:152,15,0,0
BRDA:152,15,1,0
BRDA:158,16,0,0
BRDA:158,16,1,0
BRDA:164,17,0,0
BRDA:164,17,1,0
BRDA:185,18,0,0
BRDA:185,18,1,0
BRDA:190,19,0,0
BRDA:190,19,1,0
BRDA:190,20,0,0
BRDA:190,20,1,0
BRDA:201,21,0,0
BRDA:201,21,1,0
BRDA:210,22,0,0
BRDA:210,22,1,0
BRDA:231,23,0,0
BRDA:231,23,1,0
BRDA:235,24,0,0
BRDA:235,24,1,0
BRDA:235,25,0,0
BRDA:235,25,1,0
BRDA:248,26,0,0
BRDA:248,26,1,0
BRDA:267,27,0,0
BRDA:267,27,1,0
BRDA:285,28,0,0
BRDA:285,28,1,0
BRDA:302,29,0,0
BRDA:302,29,1,0
BRDA:311,30,0,0
BRDA:311,30,1,0
BRDA:311,31,0,0
BRDA:311,31,1,0
BRDA:23,32,0,0
BRDA:23,32,1,0
BRDA:23,33,0,0
BRDA:23,33,1,0
BRDA:73,34,0,0
BRDA:73,34,1,0
BRDA:73,35,0,0
BRDA:73,35,1,0
BRDA:125,36,0,0
BRDA:125,36,1,0
BRDA:125,37,0,0
BRDA:125,37,1,0
BRDA:141,38,0,0
BRDA:141,38,1,0
BRDA:141,39,0,0
BRDA:141,39,1,0
BRDA:182,40,0,0
BRDA:182,40,1,0
BRDA:182,41,0,0
BRDA:182,41,1,0
BRDA:228,42,0,0
BRDA:228,42,1,0
BRDA:228,43,0,0
BRDA:228,43,1,0
BRDA:264,44,0,0
BRDA:264,44,1,0
BRDA:264,45,0,0
BRDA:264,45,1,0
BRDA:282,46,0,0
BRDA:282,46,1,0
BRDA:282,47,0,0
BRDA:282,47,1,0
BRDA:28,48,0,0
BRDA:28,48,1,0
BRDA:28,49,0,0
BRDA:28,49,1,0
BRDA:28,50,0,0
BRDA:28,50,1,0
BRDA:28,51,0,0
BRDA:28,51,1,0
BRDA:29,52,0,0
BRDA:29,52,1,0
BRDA:29,53,0,0
BRDA:29,53,1,0
BRF:108
BRH:0
end_of_record
TN:
SF:src\gateway\gateway.module.ts
FNF:0
FNH:0
DA:1,0
DA:2,0
DA:3,0
DA:4,0
DA:5,0
DA:11,0
LF:6
LH:0
BRF:0
BRH:0
end_of_record
TN:
SF:src\matchmaking\matchmaking.controller.ts
FN:8,(anonymous_4)
FN:11,(anonymous_5)
FN:16,(anonymous_6)
FNF:3
FNH:0
FNDA:0,(anonymous_4)
FNDA:0,(anonymous_5)
FNDA:0,(anonymous_6)
DA:1,0
DA:2,0
DA:3,0
DA:7,0
DA:8,0
DA:11,0
DA:12,0
DA:16,0
DA:17,0
LF:9
LH:0
BRDA:8,0,0,0
BRDA:8,0,1,0
BRDA:8,1,0,0
BRDA:8,1,1,0
BRF:4
BRH:0
end_of_record
TN:
SF:src\matchmaking\matchmaking.module.ts
FNF:0
FNH:0
DA:1,0
DA:2,0
DA:3,0
DA:4,0
DA:12,0
LF:5
LH:0
BRF:0
BRH:0
end_of_record
TN:
SF:src\matchmaking\matchmaking.service.ts
FN:9,(anonymous_2)
FN:11,(anonymous_3)
FN:55,(anonymous_4)
FNF:3
FNH:0
FNDA:0,(anonymous_2)
FNDA:0,(anonymous_3)
FNDA:0,(anonymous_4)
DA:1,0
DA:5,0
DA:8,0
DA:9,0
DA:12,0
DA:15,0
DA:17,0
DA:34,0
DA:44,0
DA:45,0
DA:49,0
DA:52,0
DA:56,0
DA:59,0
DA:60,0
DA:62,0
DA:66,0
LF:17
LH:0
BRDA:15,0,0,0
BRDA:15,0,1,0
BRDA:44,1,0,0
BRDA:44,1,1,0
BRDA:59,2,0,0
BRDA:59,2,1,0
BRDA:59,3,0,0
BRDA:59,3,1,0
BRDA:9,4,0,0
BRDA:9,4,1,0
BRDA:9,5,0,0
BRDA:9,5,1,0
BRF:12
BRH:0
end_of_record
TN:
SF:src\oracle\oracle.controller.ts
FN:9,(anonymous_4)
FN:12,(anonymous_5)
FN:17,(anonymous_6)
FNF:3
FNH:0
FNDA:0,(anonymous_4)
FNDA:0,(anonymous_5)
FNDA:0,(anonymous_6)
DA:1,0
DA:3,0
DA:4,0
DA:8,0
DA:9,0
DA:12,0
DA:13,0
DA:14,0
DA:15,0
DA:17,0
DA:18,0
DA:21,0
DA:22,0
LF:13
LH:0
BRDA:9,0,0,0
BRDA:9,0,1,0
BRDA:9,1,0,0
BRDA:9,1,1,0
BRF:4
BRH:0
end_of_record
TN:
SF:src\oracle\oracle.module.ts
FNF:0
FNH:0
DA:1,0
DA:2,0
DA:3,0
DA:9,0
LF:4
LH:0
BRF:0
BRH:0
end_of_record
TN:
SF:src\oracle\oracle.service.ts
FN:33,(anonymous_1)
FNF:1
FNH:0
FNDA:0,(anonymous_1)
DA:1,0
DA:2,0
DA:4,0
DA:6,0
DA:30,0
DA:31,0
DA:34,0
DA:35,0
DA:36,0
DA:43,0
DA:44,0
DA:45,0
DA:49,0
DA:50,0
DA:54,0
LF:15
LH:0
BRDA:44,0,0,0
BRDA:44,0,1,0
BRDA:49,1,0,0
BRDA:49,1,1,0
BRDA:49,2,0,0
BRDA:49,2,1,0
BRF:6
BRH:0
end_of_record
TN:
SF:src\player\player.controller.ts
FN:8,(anonymous_4)
FN:11,(anonymous_5)
FN:16,(anonymous_6)
FN:21,(anonymous_7)
FNF:4
FNH:0
FNDA:0,(anonymous_4)
FNDA:0,(anonymous_5)
FNDA:0,(anonymous_6)
FNDA:0,(anonymous_7)
DA:1,0
DA:2,0
DA:3,0
DA:7,0
DA:8,0
DA:11,0
DA:12,0
DA:16,0
DA:17,0
DA:21,0
DA:25,0
LF:11
LH:0
BRDA:8,0,0,0
BRDA:8,0,1,0
BRDA:8,1,0,0
BRDA:8,1,1,0
BRF:4
BRH:0
end_of_record
TN:
SF:src\player\player.module.ts
FNF:0
FNH:0
DA:1,0
DA:2,0
DA:3,0
DA:4,0
DA:11,0
LF:5
LH:0
BRF:0
BRH:0
end_of_record
TN:
SF:src\player\player.service.ts
FN:6,(anonymous_2)
FN:8,(anonymous_3)
FN:25,(anonymous_4)
FN:38,(anonymous_5)
FNF:4
FNH:0
FNDA:0,(anonymous_2)
FNDA:0,(anonymous_3)
FNDA:0,(anonymous_4)
FNDA:0,(anonymous_5)
DA:1,0
DA:2,0
DA:5,0
DA:6,0
DA:9,0
DA:21,0
DA:22,0
DA:26,0
DA:39,0
LF:9
LH:0
BRDA:21,0,0,0
BRDA:21,0,1,0
BRDA:25,1,0,0
BRDA:6,2,0,0
BRDA:6,2,1,0
BRDA:6,3,0,0
BRDA:6,3,1,0
BRF:7
BRH:0
end_of_record
TN:
SF:src\prisma\prisma.module.ts
FNF:0
FNH:0
DA:1,0
DA:2,0
DA:9,0
LF:3
LH:0
BRF:0
BRH:0
end_of_record
TN:
SF:src\prisma\prisma.service.ts
FN:13,(anonymous_2)
FN:22,(anonymous_3)
FN:26,(anonymous_4)
FNF:3
FNH:0
FNDA:0,(anonymous_2)
FNDA:0,(anonymous_3)
FNDA:0,(anonymous_4)
DA:1,2
DA:2,2
DA:3,2
DA:4,2
DA:7,2
DA:14,0
DA:17,0
DA:18,0
DA:19,0
DA:23,0
DA:27,0
DA:28,0
LF:12
LH:5
BRF:0
BRH:0
end_of_record
TN:
SF:src\redis\redis.module.ts
FN:13,(anonymous_2)
FNF:1
FNH:0
FNDA:0,(anonymous_2)
DA:1,1
DA:2,1
DA:3,1
DA:5,1
DA:14,0
DA:19,1
LF:6
LH:5
BRDA:14,0,0,0
BRDA:14,0,1,0
BRF:2
BRH:0
end_of_record
